[2021-04-27 17:25:59.433134]	Запуск потока: Защитник 
[2021-04-27 17:25:59.543133]	Загадано число: 2042732748 
[2021-04-27 17:26:18.001945]	Принято подключение: ('25.90.155.199', 53347) 
[2021-04-27 17:26:18.202042]	Получены данные b'\x00\x00\x00@' 
[2021-04-27 17:26:18.202042]	Получено число: 1073741824 
[2021-04-27 17:26:18.424077]	Получены данные b'\x00\x00\x00`' 
[2021-04-27 17:26:18.425042]	Получено число: 1610612736 
[2021-04-27 17:26:18.704053]	Получены данные b'\x01\x00\x00`' 
[2021-04-27 17:26:18.705053]	Получено число: 1610612737 
[2021-04-27 17:26:18.927052]	Получены данные b'\xff\xff\xff_' 
[2021-04-27 17:26:18.928053]	Получено число: 1610612735 
[2021-04-27 17:26:19.148042]	Получены данные b'\x02\x00\x00`' 
[2021-04-27 17:26:19.149042]	Получено число: 1610612738 
[2021-04-27 17:26:19.364086]	Получены данные b'\xfe\xff\xff_' 
[2021-04-27 17:26:19.365042]	Получено число: 1610612734 
[2021-04-27 17:26:19.586042]	Получены данные b'\x03\x00\x00`' 
[2021-04-27 17:26:19.586042]	Получено число: 1610612739 
[2021-04-27 17:26:19.800041]	Получены данные b'\x01\x00\x00p' 
[2021-04-27 17:26:19.800041]	Получено число: 1879048193 
[2021-04-27 17:26:20.020049]	Получены данные b'\x02\x00\x00p' 
[2021-04-27 17:26:20.020049]	Получено число: 1879048194 
[2021-04-27 17:26:20.344042]	Получены данные b'\x00\x00\x00p' 
[2021-04-27 17:26:20.345042]	Получено число: 1879048192 
[2021-04-27 17:26:20.564075]	Получены данные b'\x03\x00\x00p' 
[2021-04-27 17:26:20.565042]	Получено число: 1879048195 
[2021-04-27 17:26:20.778042]	Получены данные b'\xff\xff\xffo' 
[2021-04-27 17:26:20.779041]	Получено число: 1879048191 
[2021-04-27 17:26:21.004048]	Получены данные b'\x04\x00\x00p' 
[2021-04-27 17:26:21.004048]	Получено число: 1879048196 
[2021-04-27 17:26:21.226039]	Получены данные b'\xfe\xff\xffo' 
[2021-04-27 17:26:21.227040]	Получено число: 1879048190 
[2021-04-27 17:26:21.446326]	Получены данные b'\x05\x00\x00p' 
[2021-04-27 17:26:21.446326]	Получено число: 1879048197 
[2021-04-27 17:26:21.674323]	Получены данные b'\xfd\xff\xffo' 
[2021-04-27 17:26:21.675325]	Получено число: 1879048189 
[2021-04-27 17:26:21.890323]	Получены данные b'\x06\x00\x00p' 
[2021-04-27 17:26:21.891324]	Получено число: 1879048198 
[2021-04-27 17:26:22.108325]	Получены данные b'\xfc\xff\xffo' 
[2021-04-27 17:26:22.108325]	Получено число: 1879048188 
[2021-04-27 17:26:22.326324]	Получены данные b'\x07\x00\x00p' 
[2021-04-27 17:26:22.327324]	Получено число: 1879048199 
[2021-04-27 17:26:22.546324]	Получены данные b'\xfb\xff\xffo' 
[2021-04-27 17:26:22.547325]	Получено число: 1879048187 
[2021-04-27 17:26:22.767325]	Получены данные b'\x08\x00\x00p' 
[2021-04-27 17:26:22.768324]	Получено число: 1879048200 
[2021-04-27 17:26:22.985324]	Получены данные b'\xfa\xff\xffo' 
[2021-04-27 17:26:22.985324]	Получено число: 1879048186 
[2021-04-27 17:26:23.197324]	Получены данные b'\t\x00\x00p' 
[2021-04-27 17:26:23.198325]	Получено число: 1879048201 
[2021-04-27 17:26:23.422324]	Получены данные b'\xf9\xff\xffo' 
[2021-04-27 17:26:23.422324]	Получено число: 1879048185 
[2021-04-27 17:26:23.722336]	Получены данные b'\x04\x00\x00x' 
[2021-04-27 17:26:23.722336]	Получено число: 2013265924 
[2021-04-27 17:26:23.949350]	Получены данные b'\x02\x00\x00|' 
[2021-04-27 17:26:23.950386]	Получено число: 2080374786 
[2021-04-27 17:26:24.170338]	Получены данные b'\x03\x00\x00z' 
[2021-04-27 17:26:24.170338]	Получено число: 2046820355 
[2021-04-27 17:26:24.385336]	Получены данные b'\x04\x00\x00z' 
[2021-04-27 17:26:24.386337]	Получено число: 2046820356 
[2021-04-27 17:26:24.597340]	Получены данные b'\x03\x00\x00y' 
[2021-04-27 17:26:24.598337]	Получено число: 2030043139 
[2021-04-27 17:26:24.818849]	Получены данные b'\x04\x00\x00y' 
[2021-04-27 17:26:24.819850]	Получено число: 2030043140 
[2021-04-27 17:26:25.165855]	Получены данные b'\x02\x00\x00y' 
[2021-04-27 17:26:25.166850]	Получено число: 2030043138 
[2021-04-27 17:26:25.381857]	Получены данные b'\x05\x00\x00y' 
[2021-04-27 17:26:25.381857]	Получено число: 2030043141 
[2021-04-27 17:26:25.664851]	Получены данные b'\x04\x00\x80y' 
[2021-04-27 17:26:25.664851]	Получено число: 2038431748 
[2021-04-27 17:26:25.877927]	Получены данные b'\x05\x00\x80y' 
[2021-04-27 17:26:25.878850]	Получено число: 2038431749 
[2021-04-27 17:26:26.091852]	Получены данные b'\x03\x00\x80y' 
[2021-04-27 17:26:26.092850]	Получено число: 2038431747 
[2021-04-27 17:26:26.305855]	Получены данные b'\x06\x00\x80y' 
[2021-04-27 17:26:26.306850]	Получено число: 2038431750 
[2021-04-27 17:26:26.521927]	Получены данные b'\x02\x00\x80y' 
[2021-04-27 17:26:26.522892]	Получено число: 2038431746 
[2021-04-27 17:26:26.767849]	Получены данные b'\x07\x00\x80y' 
[2021-04-27 17:26:26.768850]	Получено число: 2038431751 
[2021-04-27 17:26:26.995848]	Получены данные b'\x01\x00\x80y' 
[2021-04-27 17:26:26.996849]	Получено число: 2038431745 
[2021-04-27 17:26:27.215927]	Получены данные b'\x08\x00\x80y' 
[2021-04-27 17:26:27.216852]	Получено число: 2038431752 
[2021-04-27 17:26:27.435849]	Получены данные b'\x00\x00\x80y' 
[2021-04-27 17:26:27.436873]	Получено число: 2038431744 
[2021-04-27 17:26:27.655849]	Получены данные b'\t\x00\x80y' 
[2021-04-27 17:26:27.656850]	Получено число: 2038431753 
[2021-04-27 17:26:27.870851]	Получены данные b'\x06\x00\xc0y' 
[2021-04-27 17:26:27.870851]	Получено число: 2042626054 
[2021-04-27 17:26:28.087925]	Получены данные b'\x04\x00\xe0y' 
[2021-04-27 17:26:28.088851]	Получено число: 2044723204 
[2021-04-27 17:26:28.301850]	Получены данные b'\x05\x00\xe0y' 
[2021-04-27 17:26:28.302851]	Получено число: 2044723205 
[2021-04-27 17:26:28.514850]	Получены данные b'\x03\x00\xe0y' 
[2021-04-27 17:26:28.515850]	Получено число: 2044723203 
[2021-04-27 17:26:28.736851]	Получены данные b'\x06\x00\xe0y' 
[2021-04-27 17:26:28.736851]	Получено число: 2044723206 
[2021-04-27 17:26:28.951849]	Получены данные b'\x02\x00\xe0y' 
[2021-04-27 17:26:28.952850]	Получено число: 2044723202 
[2021-04-27 17:26:29.172849]	Получены данные b'\x04\x00\xd0y' 
[2021-04-27 17:26:29.172849]	Получено число: 2043674628 
[2021-04-27 17:26:29.393850]	Получены данные b'\x05\x00\xd0y' 
[2021-04-27 17:26:29.394850]	Получено число: 2043674629 
[2021-04-27 17:26:29.607850]	Получены данные b'\x03\x00\xd0y' 
[2021-04-27 17:26:29.608849]	Получено число: 2043674627 
[2021-04-27 17:26:29.823851]	Получены данные b'\x06\x00\xd0y' 
[2021-04-27 17:26:29.824851]	Получено число: 2043674630 
[2021-04-27 17:26:30.056848]	Получены данные b'\x02\x00\xd0y' 
[2021-04-27 17:26:30.057850]	Получено число: 2043674626 
[2021-04-27 17:26:30.274850]	Получены данные b'\x07\x00\xd0y' 
[2021-04-27 17:26:30.274850]	Получено число: 2043674631 
[2021-04-27 17:26:30.488851]	Получены данные b'\x01\x00\xd0y' 
[2021-04-27 17:26:30.488851]	Получено число: 2043674625 
[2021-04-27 17:26:30.714849]	Получены данные b'\x08\x00\xd0y' 
[2021-04-27 17:26:30.715868]	Получено число: 2043674632 
[2021-04-27 17:26:30.927925]	Получены данные b'\x03\x00\xc8y' 
[2021-04-27 17:26:30.928852]	Получено число: 2043150339 
[2021-04-27 17:26:31.171849]	Получены данные b'\x04\x00\xc4y' 
[2021-04-27 17:26:31.171849]	Получено число: 2042888196 
[2021-04-27 17:26:31.391855]	Получены данные b'\x05\x00\xc4y' 
[2021-04-27 17:26:31.392851]	Получено число: 2042888197 
[2021-04-27 17:26:31.704850]	Получены данные b'\x03\x00\xc4y' 
[2021-04-27 17:26:31.704850]	Получено число: 2042888195 
[2021-04-27 17:26:31.941849]	Получены данные b'\x06\x00\xc4y' 
[2021-04-27 17:26:31.941849]	Получено число: 2042888198 
[2021-04-27 17:26:32.158851]	Получены данные b'\x04\x00\xc2y' 
[2021-04-27 17:26:32.158851]	Получено число: 2042757124 
[2021-04-27 17:26:32.375868]	Получены данные b'\x05\x00\xc2y' 
[2021-04-27 17:26:32.376850]	Получено число: 2042757125 
[2021-04-27 17:26:32.595863]	Получены данные b'\x03\x00\xc2y' 
[2021-04-27 17:26:32.596905]	Получено число: 2042757123 
[2021-04-27 17:26:32.814849]	Получены данные b'\x06\x00\xc2y' 
[2021-04-27 17:26:32.814849]	Получено число: 2042757126 
[2021-04-27 17:26:33.039850]	Получены данные b'\x02\x00\xc2y' 
[2021-04-27 17:26:33.039850]	Получено число: 2042757122 
[2021-04-27 17:26:33.341856]	Получены данные b'\x04\x00\xc1y' 
[2021-04-27 17:26:33.342852]	Получено число: 2042691588 
[2021-04-27 17:26:33.559850]	Получены данные b'\x05\x00\xc1y' 
[2021-04-27 17:26:33.560851]	Получено число: 2042691589 
[2021-04-27 17:26:33.780850]	Получены данные b'\x03\x00\xc1y' 
[2021-04-27 17:26:33.780850]	Получено число: 2042691587 
[2021-04-27 17:26:33.995927]	Получены данные b'\x06\x00\xc1y' 
[2021-04-27 17:26:33.996852]	Получено число: 2042691590 
[2021-04-27 17:26:34.272848]	Получены данные b'\x02\x00\xc1y' 
[2021-04-27 17:26:34.273850]	Получено число: 2042691586 
[2021-04-27 17:26:34.570851]	Получены данные b'\x07\x00\xc1y' 
[2021-04-27 17:26:34.570851]	Получено число: 2042691591 
[2021-04-27 17:26:34.781851]	Получены данные b'\x01\x00\xc1y' 
[2021-04-27 17:26:34.782875]	Получено число: 2042691585 
[2021-04-27 17:26:35.008849]	Получены данные b'\x08\x00\xc1y' 
[2021-04-27 17:26:35.009850]	Получено число: 2042691592 
[2021-04-27 17:26:35.229849]	Получены данные b'\x00\x00\xc1y' 
[2021-04-27 17:26:35.230851]	Получено число: 2042691584 
[2021-04-27 17:26:35.450849]	Получены данные b'\t\x00\xc1y' 
[2021-04-27 17:26:35.450849]	Получено число: 2042691593 
[2021-04-27 17:26:35.680850]	Получены данные b'\xff\xff\xc0y' 
[2021-04-27 17:26:35.681851]	Получено число: 2042691583 
[2021-04-27 17:26:35.895856]	Получены данные b'\n\x00\xc1y' 
[2021-04-27 17:26:35.896851]	Получено число: 2042691594 
[2021-04-27 17:26:36.119849]	Получены данные b'\xfe\xff\xc0y' 
[2021-04-27 17:26:36.120850]	Получено число: 2042691582 
[2021-04-27 17:26:36.355848]	Получены данные b'\x0b\x00\xc1y' 
[2021-04-27 17:26:36.356850]	Получено число: 2042691595 
[2021-04-27 17:26:36.620849]	Получены данные b'\xfd\xff\xc0y' 
[2021-04-27 17:26:36.621851]	Получено число: 2042691581 
[2021-04-27 17:26:36.833850]	Получены данные b'\x0c\x00\xc1y' 
[2021-04-27 17:26:36.834851]	Получено число: 2042691596 
[2021-04-27 17:26:37.062850]	Получены данные b'\xfc\xff\xc0y' 
[2021-04-27 17:26:37.063851]	Получено число: 2042691580 
[2021-04-27 17:26:37.279850]	Получены данные b'\r\x00\xc1y' 
[2021-04-27 17:26:37.280850]	Получено число: 2042691597 
[2021-04-27 17:26:37.494881]	Получены данные b'\xfb\xff\xc0y' 
[2021-04-27 17:26:37.495891]	Получено число: 2042691579 
[2021-04-27 17:26:37.714850]	Получены данные b'\x0e\x00\xc1y' 
[2021-04-27 17:26:37.714850]	Получено число: 2042691598 
[2021-04-27 17:26:37.924850]	Получены данные b'\xfa\xff\xc0y' 
[2021-04-27 17:26:37.924850]	Получено число: 2042691578 
[2021-04-27 17:26:38.138850]	Получены данные b'\x0f\x00\xc1y' 
[2021-04-27 17:26:38.138850]	Получено число: 2042691599 
[2021-04-27 17:26:38.366849]	Получены данные b'\xf9\xff\xc0y' 
[2021-04-27 17:26:38.367850]	Получено число: 2042691577 
[2021-04-27 17:26:38.589851]	Получены данные b'\x10\x00\xc1y' 
[2021-04-27 17:26:38.589851]	Получено число: 2042691600 
[2021-04-27 17:26:38.805849]	Получены данные b'\xf8\xff\xc0y' 
[2021-04-27 17:26:38.806851]	Получено число: 2042691576 
[2021-04-27 17:26:39.023850]	Получены данные b'\x11\x00\xc1y' 
[2021-04-27 17:26:39.024852]	Получено число: 2042691601 
[2021-04-27 17:26:39.245857]	Получены данные b'\xf7\xff\xc0y' 
[2021-04-27 17:26:39.246851]	Получено число: 2042691575 
[2021-04-27 17:26:39.466856]	Получены данные b'\x12\x00\xc1y' 
[2021-04-27 17:26:39.466856]	Получено число: 2042691602 
[2021-04-27 17:26:39.685850]	Получены данные b'\xf6\xff\xc0y' 
[2021-04-27 17:26:39.686850]	Получено число: 2042691574 
[2021-04-27 17:26:39.901855]	Получены данные b'\x13\x00\xc1y' 
[2021-04-27 17:26:39.902864]	Получено число: 2042691603 
[2021-04-27 17:26:40.110850]	Получены данные b'\xf5\xff\xc0y' 
[2021-04-27 17:26:40.111850]	Получено число: 2042691573 
[2021-04-27 17:26:40.323850]	Получены данные b'\x14\x00\xc1y' 
[2021-04-27 17:26:40.324850]	Получено число: 2042691604 
[2021-04-27 17:26:40.546850]	Получены данные b'\xf4\xff\xc0y' 
[2021-04-27 17:26:40.546850]	Получено число: 2042691572 
[2021-04-27 17:26:40.763850]	Получены данные b'\x15\x00\xc1y' 
[2021-04-27 17:26:40.764851]	Получено число: 2042691605 
[2021-04-27 17:26:40.984853]	Получены данные b'\xf3\xff\xc0y' 
[2021-04-27 17:26:40.984853]	Получено число: 2042691571 
[2021-04-27 17:26:41.214850]	Получены данные b'\x16\x00\xc1y' 
[2021-04-27 17:26:41.214850]	Получено число: 2042691606 
[2021-04-27 17:26:41.431851]	Получены данные b'\xf2\xff\xc0y' 
[2021-04-27 17:26:41.432851]	Получено число: 2042691570 
[2021-04-27 17:26:41.649849]	Получены данные b'\x17\x00\xc1y' 
[2021-04-27 17:26:41.650850]	Получено число: 2042691607 
[2021-04-27 17:26:41.866851]	Получены данные b'\xf1\xff\xc0y' 
[2021-04-27 17:26:41.866851]	Получено число: 2042691569 
[2021-04-27 17:26:42.086852]	Получены данные b'\x18\x00\xc1y' 
[2021-04-27 17:26:42.087850]	Получено число: 2042691608 
[2021-04-27 17:26:42.356850]	Получены данные b'\xf0\xff\xc0y' 
[2021-04-27 17:26:42.357852]	Получено число: 2042691568 
[2021-04-27 17:26:42.579920]	Получены данные b'\r\x80\xc1y' 
[2021-04-27 17:26:42.580852]	Получено число: 2042724365 
[2021-04-27 17:26:42.823850]	Получены данные b'\x07\xc0\xc1y' 
[2021-04-27 17:26:42.824850]	Получено число: 2042740743 
[2021-04-27 17:26:43.041850]	Получены данные b'\x08\xc0\xc1y' 
[2021-04-27 17:26:43.042850]	Получено число: 2042740744 
[2021-04-27 17:26:43.271849]	Получены данные b'\x06\xc0\xc1y' 
[2021-04-27 17:26:43.272850]	Получено число: 2042740742 
[2021-04-27 17:26:43.490850]	Получены данные b'\t\xc0\xc1y' 
[2021-04-27 17:26:43.490850]	Получено число: 2042740745 
[2021-04-27 17:26:43.707926]	Получены данные b'\x05\xc0\xc1y' 
[2021-04-27 17:26:43.708856]	Получено число: 2042740741 
[2021-04-27 17:26:43.931850]	Получены данные b'\n\xc0\xc1y' 
[2021-04-27 17:26:43.931850]	Получено число: 2042740746 
[2021-04-27 17:26:44.143851]	Получены данные b'\x04\xc0\xc1y' 
[2021-04-27 17:26:44.144850]	Получено число: 2042740740 
[2021-04-27 17:26:44.361856]	Получены данные b'\x08\xa0\xc1y' 
[2021-04-27 17:26:44.362850]	Получено число: 2042732552 
[2021-04-27 17:26:44.582850]	Получены данные b'\t\xa0\xc1y' 
[2021-04-27 17:26:44.582850]	Получено число: 2042732553 
[2021-04-27 17:26:44.797849]	Получены данные b'\x07\xa0\xc1y' 
[2021-04-27 17:26:44.798851]	Получено число: 2042732551 
[2021-04-27 17:26:45.020848]	Получены данные b'\n\xa0\xc1y' 
[2021-04-27 17:26:45.020848]	Получено число: 2042732554 
[2021-04-27 17:26:45.239850]	Получены данные b'\x06\xa0\xc1y' 
[2021-04-27 17:26:45.240851]	Получено число: 2042732550 
[2021-04-27 17:26:45.456849]	Получены данные b'\x0b\xa0\xc1y' 
[2021-04-27 17:26:45.457849]	Получено число: 2042732555 
[2021-04-27 17:26:45.676850]	Получены данные b'\x05\xa0\xc1y' 
[2021-04-27 17:26:45.676850]	Получено число: 2042732549 
[2021-04-27 17:26:45.898880]	Получены данные b'\x0c\xa0\xc1y' 
[2021-04-27 17:26:45.899851]	Получено число: 2042732556 
[2021-04-27 17:26:46.120851]	Получены данные b'\x08\xb0\xc1y' 
[2021-04-27 17:26:46.120851]	Получено число: 2042736648 
[2021-04-27 17:26:46.339924]	Получены данные b'\t\xb0\xc1y' 
[2021-04-27 17:26:46.340851]	Получено число: 2042736649 
[2021-04-27 17:26:46.670850]	Получены данные b'\x07\xb0\xc1y' 
[2021-04-27 17:26:46.670850]	Получено число: 2042736647 
[2021-04-27 17:26:46.900849]	Получены данные b'\n\xb0\xc1y' 
[2021-04-27 17:26:46.901849]	Получено число: 2042736650 
[2021-04-27 17:26:47.117851]	Получены данные b'\x06\xb0\xc1y' 
[2021-04-27 17:26:47.118851]	Получено число: 2042736646 
[2021-04-27 17:26:47.339925]	Получены данные b'\x0b\xb0\xc1y' 
[2021-04-27 17:26:47.340851]	Получено число: 2042736651 
[2021-04-27 17:26:47.558876]	Получены данные b'\x05\xb0\xc1y' 
[2021-04-27 17:26:47.558876]	Получено число: 2042736645 
[2021-04-27 17:26:47.793849]	Получены данные b'\x0c\xb0\xc1y' 
[2021-04-27 17:26:47.794850]	Получено число: 2042736652 
[2021-04-27 17:26:48.014893]	Получены данные b'\x04\xb0\xc1y' 
[2021-04-27 17:26:48.014893]	Получено число: 2042736644 
[2021-04-27 17:26:48.230859]	Получены данные b'\r\xb0\xc1y' 
[2021-04-27 17:26:48.230859]	Получено число: 2042736653 
[2021-04-27 17:26:48.450850]	Получены данные b'\x03\xb0\xc1y' 
[2021-04-27 17:26:48.450850]	Получено число: 2042736643 
[2021-04-27 17:26:48.667920]	Получены данные b'\x0e\xb0\xc1y' 
[2021-04-27 17:26:48.668851]	Получено число: 2042736654 
[2021-04-27 17:26:48.882850]	Получены данные b'\x02\xb0\xc1y' 
[2021-04-27 17:26:48.882850]	Получено число: 2042736642 
[2021-04-27 17:26:49.102849]	Получены данные b'\x07\xa8\xc1y' 
[2021-04-27 17:26:49.103850]	Получено число: 2042734599 
[2021-04-27 17:26:49.316850]	Получены данные b'\x08\xa8\xc1y' 
[2021-04-27 17:26:49.316850]	Получено число: 2042734600 
[2021-04-27 17:26:49.539919]	Получены данные b'\x06\xa8\xc1y' 
[2021-04-27 17:26:49.540851]	Получено число: 2042734598 
[2021-04-27 17:26:49.759850]	Получены данные b'\t\xa8\xc1y' 
[2021-04-27 17:26:49.761850]	Получено число: 2042734601 
[2021-04-27 17:26:50.004849]	Получены данные b'\x05\xa8\xc1y' 
[2021-04-27 17:26:50.005850]	Получено число: 2042734597 
[2021-04-27 17:26:50.216929]	Получены данные b'\x08\xa4\xc1y' 
[2021-04-27 17:26:50.217851]	Получено число: 2042733576 
[2021-04-27 17:42:57.926211]	Запуск потока: Защитник 
[2021-04-27 17:42:58.005211]	Загадано число: 371849509 
[2021-04-27 17:42:58.137212]	Принято подключение: ('25.90.155.199', 53421) 
[2021-04-27 17:42:58.344211]	Получены данные b'\x00\x00\x00@' 
[2021-04-27 17:42:58.344211]	Получено число: 1073741824 
[2021-04-27 17:42:58.561213]	Получены данные b'\xff\xff\xff?' 
[2021-04-27 17:42:58.561213]	Получено число: 1073741823 
[2021-04-27 17:42:58.780212]	Получены данные b'\xff\xff\xff\x1f' 
[2021-04-27 17:42:58.780212]	Получено число: 536870911 
[2021-04-27 17:42:58.996212]	Получены данные b'\x00\x00\x00 ' 
[2021-04-27 17:42:58.997213]	Получено число: 536870912 
[2021-04-27 17:42:59.218212]	Получены данные b'\xff\xff\xff\x0f' 
[2021-04-27 17:42:59.218212]	Получено число: 268435455 
[2021-04-27 17:42:59.436217]	Получены данные b'\x00\x00\x00\x10' 
[2021-04-27 17:42:59.437212]	Получено число: 268435456 
[2021-04-27 17:42:59.658212]	Получены данные b'\xfe\xff\xff\x0f' 
[2021-04-27 17:42:59.658212]	Получено число: 268435454 
[2021-04-27 17:42:59.870211]	Получены данные b'\x01\x00\x00\x10' 
[2021-04-27 17:42:59.870211]	Получено число: 268435457 
[2021-04-27 17:43:00.084211]	Получены данные b'\xfd\xff\xff\x0f' 
[2021-04-27 17:43:00.084211]	Получено число: 268435453 
[2021-04-27 17:43:00.300268]	Получены данные b'\x02\x00\x00\x10' 
[2021-04-27 17:43:00.300268]	Получено число: 268435458 
[2021-04-27 17:43:00.518265]	Получены данные b'\x00\x00\x00\x18' 
[2021-04-27 17:43:00.518265]	Получено число: 402653184 
[2021-04-27 17:43:00.747290]	Получены данные b'\x01\x00\x00\x18' 
[2021-04-27 17:43:00.747290]	Получено число: 402653185 
[2021-04-27 17:43:00.969277]	Получены данные b'\xff\xff\xff\x17' 
[2021-04-27 17:43:00.969277]	Получено число: 402653183 
[2021-04-27 17:43:01.184276]	Получены данные b'\x02\x00\x00\x18' 
[2021-04-27 17:43:01.184276]	Получено число: 402653186 
[2021-04-27 17:43:01.400276]	Получены данные b'\x00\x00\x00\x14' 
[2021-04-27 17:43:01.400276]	Получено число: 335544320 
[2021-04-27 17:43:01.616277]	Получены данные b'\x01\x00\x00\x14' 
[2021-04-27 17:43:01.616277]	Получено число: 335544321 
[2021-04-27 17:43:01.928292]	Получены данные b'\xff\xff\xff\x13' 
[2021-04-27 17:43:01.928292]	Получено число: 335544319 
[2021-04-27 17:43:02.142295]	Получены данные b'\x02\x00\x00\x14' 
[2021-04-27 17:43:02.142295]	Получено число: 335544322 
[2021-04-27 17:43:02.356294]	Получены данные b'\xfe\xff\xff\x13' 
[2021-04-27 17:43:02.356294]	Получено число: 335544318 
[2021-04-27 17:43:02.577294]	Получены данные b'\x03\x00\x00\x14' 
[2021-04-27 17:43:02.578384]	Получено число: 335544323 
[2021-04-27 17:43:02.845386]	Получены данные b'\xfd\xff\xff\x13' 
[2021-04-27 17:43:02.846387]	Получено число: 335544317 
[2021-04-27 17:43:03.068388]	Получены данные b'\x04\x00\x00\x14' 
[2021-04-27 17:43:03.068388]	Получено число: 335544324 
[2021-04-27 17:43:03.288386]	Получены данные b'\xfc\xff\xff\x13' 
[2021-04-27 17:43:03.288386]	Получено число: 335544316 
[2021-04-27 17:43:03.506411]	Получены данные b'\x05\x00\x00\x14' 
[2021-04-27 17:43:03.506411]	Получено число: 335544325 
[2021-04-27 17:43:03.726410]	Получены данные b'\x02\x00\x00\x16' 
[2021-04-27 17:43:03.727411]	Получено число: 369098754 
[2021-04-27 17:43:03.945410]	Получены данные b'\x03\x00\x00\x16' 
[2021-04-27 17:43:03.945410]	Получено число: 369098755 
[2021-04-27 17:43:04.159413]	Получены данные b'\x01\x00\x00\x16' 
[2021-04-27 17:43:04.160411]	Получено число: 369098753 
[2021-04-27 17:43:04.370411]	Получены данные b'\x04\x00\x00\x16' 
[2021-04-27 17:43:04.370411]	Получено число: 369098756 
[2021-04-27 17:43:04.588410]	Получены данные b'\x00\x00\x00\x16' 
[2021-04-27 17:43:04.588410]	Получено число: 369098752 
[2021-04-27 17:43:04.813428]	Получены данные b'\x05\x00\x00\x16' 
[2021-04-27 17:43:04.813428]	Получено число: 369098757 
[2021-04-27 17:43:05.100427]	Получены данные b'\xff\xff\xff\x15' 
[2021-04-27 17:43:05.100427]	Получено число: 369098751 
[2021-04-27 17:43:05.314427]	Получены данные b'\x02\x00\x00\x17' 
[2021-04-27 17:43:05.314427]	Получено число: 385875970 
[2021-04-27 17:43:05.528427]	Получены данные b'\x03\x00\x00\x17' 
[2021-04-27 17:43:05.528427]	Получено число: 385875971 
[2021-04-27 17:43:05.747428]	Получены данные b'\x01\x00\x00\x17' 
[2021-04-27 17:43:05.747428]	Получено число: 385875969 
[2021-04-27 17:43:05.962428]	Получены данные b'\x04\x00\x00\x17' 
[2021-04-27 17:43:05.962428]	Получено число: 385875972 
[2021-04-27 17:43:06.182438]	Получены данные b'\x03\x00\x80\x16' 
[2021-04-27 17:43:06.182438]	Получено число: 377487363 
[2021-04-27 17:43:06.441438]	Получены данные b'\x04\x00\x80\x16' 
[2021-04-27 17:43:06.441438]	Получено число: 377487364 
[2021-04-27 17:43:06.660442]	Получены данные b'\x02\x00\x80\x16' 
[2021-04-27 17:43:06.660442]	Получено число: 377487362 
[2021-04-27 17:43:06.893613]	Получены данные b'\x05\x00\x80\x16' 
[2021-04-27 17:43:06.894469]	Получено число: 377487365 
[2021-04-27 17:43:07.150448]	Получены данные b'\x01\x00\x80\x16' 
[2021-04-27 17:43:07.151449]	Получено число: 377487361 
[2021-04-27 17:43:07.368449]	Получены данные b'\x03\x00@\x16' 
[2021-04-27 17:43:07.368449]	Получено число: 373293059 
[2021-04-27 17:43:07.582449]	Получены данные b'\x04\x00@\x16' 
[2021-04-27 17:43:07.582449]	Получено число: 373293060 
[2021-04-27 17:43:07.802448]	Получены данные b'\x04\x00 \x16' 
[2021-04-27 17:43:07.802448]	Получено число: 371195908 
[2021-04-27 17:43:08.024963]	Получены данные b'\x05\x00 \x16' 
[2021-04-27 17:43:08.024963]	Получено число: 371195909 
[2021-04-27 17:43:08.237963]	Получены данные b'\x03\x00 \x16' 
[2021-04-27 17:43:08.237963]	Получено число: 371195907 
[2021-04-27 17:43:08.466012]	Получены данные b'\x06\x00 \x16' 
[2021-04-27 17:43:08.466012]	Получено число: 371195910 
[2021-04-27 17:43:08.684017]	Получены данные b'\x02\x00 \x16' 
[2021-04-27 17:43:08.684964]	Получено число: 371195906 
[2021-04-27 17:43:08.899965]	Получены данные b'\x07\x00 \x16' 
[2021-04-27 17:43:08.900966]	Получено число: 371195911 
[2021-04-27 17:43:09.146965]	Получены данные b'\x05\x000\x16' 
[2021-04-27 17:43:09.146965]	Получено число: 372244485 
[2021-04-27 17:43:09.364963]	Получены данные b'\x06\x000\x16' 
[2021-04-27 17:43:09.364963]	Получено число: 372244486 
[2021-04-27 17:43:09.583965]	Получены данные b'\x06\x00(\x16' 
[2021-04-27 17:43:09.584964]	Получено число: 371720198 
[2021-04-27 17:43:09.802047]	Получены данные b'\x07\x00(\x16' 
[2021-04-27 17:43:09.802964]	Получено число: 371720199 
[2021-04-27 17:43:10.019963]	Получены данные b'\x05\x00(\x16' 
[2021-04-27 17:43:10.020964]	Получено число: 371720197 
[2021-04-27 17:43:10.238964]	Получены данные b'\x08\x00(\x16' 
[2021-04-27 17:43:10.239964]	Получено число: 371720200 
[2021-04-27 17:43:10.464017]	Получены данные b'\x04\x00(\x16' 
[2021-04-27 17:43:10.464017]	Получено число: 371720196 
[2021-04-27 17:43:10.687964]	Получены данные b'\t\x00(\x16' 
[2021-04-27 17:43:10.688964]	Получено число: 371720201 
[2021-04-27 17:43:10.909964]	Получены данные b'\x07\x00,\x16' 
[2021-04-27 17:43:10.910652]	Получено число: 371982343 
[2021-04-27 17:43:11.132970]	Получены данные b'\x08\x00*\x16' 
[2021-04-27 17:43:11.132970]	Получено число: 371851272 
[2021-04-27 17:43:11.364064]	Получены данные b'\x08\x00)\x16' 
[2021-04-27 17:43:11.365078]	Получено число: 371785736 
[2021-04-27 17:43:11.575963]	Получены данные b'\t\x00)\x16' 
[2021-04-27 17:43:11.576973]	Получено число: 371785737 
[2021-04-27 17:43:11.789963]	Получены данные b'\x07\x00)\x16' 
[2021-04-27 17:43:11.790964]	Получено число: 371785735 
[2021-04-27 17:43:12.002964]	Получены данные b'\n\x00)\x16' 
[2021-04-27 17:43:12.003965]	Получено число: 371785738 
[2021-04-27 17:43:12.231974]	Получены данные b'\x06\x00)\x16' 
[2021-04-27 17:43:12.232972]	Получено число: 371785734 
[2021-04-27 17:43:12.443964]	Получены данные b'\x0b\x00)\x16' 
[2021-04-27 17:43:12.444964]	Получено число: 371785739 
[2021-04-27 17:43:12.663964]	Получены данные b'\x05\x00)\x16' 
[2021-04-27 17:43:12.664964]	Получено число: 371785733 
[2021-04-27 17:43:12.888963]	Получены данные b'\x0c\x00)\x16' 
[2021-04-27 17:43:12.889964]	Получено число: 371785740 
[2021-04-27 17:43:13.105963]	Получены данные b'\x04\x00)\x16' 
[2021-04-27 17:43:13.106964]	Получено число: 371785732 
[2021-04-27 17:43:13.317973]	Получены данные b'\r\x00)\x16' 
[2021-04-27 17:43:13.318964]	Получено число: 371785741 
[2021-04-27 17:43:13.530966]	Получены данные b'\x03\x00)\x16' 
[2021-04-27 17:43:13.530966]	Получено число: 371785731 
[2021-04-27 17:43:13.743964]	Получены данные b'\x0e\x00)\x16' 
[2021-04-27 17:43:13.744965]	Получено число: 371785742 
[2021-04-27 17:43:13.958964]	Получены данные b'\x02\x00)\x16' 
[2021-04-27 17:43:13.959965]	Получено число: 371785730 
[2021-04-27 17:43:14.178963]	Получены данные b'\x0f\x00)\x16' 
[2021-04-27 17:43:14.178963]	Получено число: 371785743 
[2021-04-27 17:43:14.397964]	Получены данные b'\x01\x00)\x16' 
[2021-04-27 17:43:14.398964]	Получено число: 371785729 
[2021-04-27 17:43:14.618964]	Получены данные b'\x10\x00)\x16' 
[2021-04-27 17:43:14.618964]	Получено число: 371785744 
[2021-04-27 17:43:14.835963]	Получены данные b'\x00\x00)\x16' 
[2021-04-27 17:43:14.836964]	Получено число: 371785728 
[2021-04-27 17:43:15.055963]	Получены данные b'\x11\x00)\x16' 
[2021-04-27 17:43:15.055963]	Получено число: 371785745 
[2021-04-27 17:43:15.267970]	Получены данные b'\xff\xff(\x16' 
[2021-04-27 17:43:15.268965]	Получено число: 371785727 
[2021-04-27 17:43:15.480966]	Получены данные b'\x12\x00)\x16' 
[2021-04-27 17:43:15.481965]	Получено число: 371785746 
[2021-04-27 17:43:15.691964]	Получены данные b'\xfe\xff(\x16' 
[2021-04-27 17:43:15.691964]	Получено число: 371785726 
[2021-04-27 17:43:15.903964]	Получены данные b'\x13\x00)\x16' 
[2021-04-27 17:43:15.904964]	Получено число: 371785747 
[2021-04-27 17:43:16.127970]	Получены данные b'\xfd\xff(\x16' 
[2021-04-27 17:43:16.127970]	Получено число: 371785725 
[2021-04-27 17:43:16.349964]	Получены данные b'\x14\x00)\x16' 
[2021-04-27 17:43:16.350964]	Получено число: 371785748 
[2021-04-27 17:43:16.577969]	Получены данные b'\xfc\xff(\x16' 
[2021-04-27 17:43:16.577969]	Получено число: 371785724 
[2021-04-27 17:43:16.795965]	Получены данные b'\x15\x00)\x16' 
[2021-04-27 17:43:16.796992]	Получено число: 371785749 
[2021-04-27 17:43:17.007963]	Получены данные b'\xfb\xff(\x16' 
[2021-04-27 17:43:17.008964]	Получено число: 371785723 
[2021-04-27 17:43:17.223964]	Получены данные b'\x16\x00)\x16' 
[2021-04-27 17:43:17.224964]	Получено число: 371785750 
[2021-04-27 17:43:17.435964]	Получены данные b'\x0f\x80)\x16' 
[2021-04-27 17:43:17.436965]	Получено число: 371818511 
[2021-04-27 17:43:17.647963]	Получены данные b'\x10\x80)\x16' 
[2021-04-27 17:43:17.648964]	Получено число: 371818512 
[2021-04-27 17:43:17.865963]	Получены данные b'\x0e\x80)\x16' 
[2021-04-27 17:43:17.866963]	Получено число: 371818510 
[2021-04-27 17:43:18.083963]	Получены данные b'\x11\x80)\x16' 
[2021-04-27 17:43:18.084964]	Получено число: 371818513 
[2021-04-27 17:43:18.305964]	Получены данные b'\r\x80)\x16' 
[2021-04-27 17:43:18.306964]	Получено число: 371818509 
[2021-04-27 17:43:18.521969]	Получены данные b'\x12\x80)\x16' 
[2021-04-27 17:43:18.522964]	Получено число: 371818514 
[2021-04-27 17:43:18.739992]	Получены данные b'\x0c\x80)\x16' 
[2021-04-27 17:43:18.739992]	Получено число: 371818508 
[2021-04-27 17:43:18.956981]	Получены данные b'\r\xc0)\x16' 
[2021-04-27 17:43:18.957964]	Получено число: 371834893 
[2021-04-27 17:43:19.176005]	Получены данные b'\x0e\xc0)\x16' 
[2021-04-27 17:43:19.177005]	Получено число: 371834894 
[2021-04-27 17:43:19.398005]	Получены данные b'\x0c\xc0)\x16' 
[2021-04-27 17:43:19.399006]	Получено число: 371834892 
[2021-04-27 17:43:19.628005]	Получены данные b'\x0f\xc0)\x16' 
[2021-04-27 17:43:19.631006]	Получено число: 371834895 
[2021-04-27 17:43:19.849004]	Получены данные b'\x0b\xc0)\x16' 
[2021-04-27 17:43:19.849004]	Получено число: 371834891 
[2021-04-27 17:43:20.059004]	Получены данные b'\x0b\xe0)\x16' 
[2021-04-27 17:43:20.059004]	Получено число: 371843083 
[2021-04-27 17:43:20.270005]	Получены данные b'\x0c\xe0)\x16' 
[2021-04-27 17:43:20.271005]	Получено число: 371843084 
[2021-04-27 17:43:20.487008]	Получены данные b'\n\xe0)\x16' 
[2021-04-27 17:43:20.487008]	Получено число: 371843082 
[2021-04-27 17:43:20.717011]	Получены данные b'\r\xe0)\x16' 
[2021-04-27 17:43:20.717011]	Получено число: 371843085 
[2021-04-27 17:43:20.943011]	Получены данные b'\t\xe0)\x16' 
[2021-04-27 17:43:20.943011]	Получено число: 371843081 
[2021-04-27 17:43:21.164012]	Получены данные b'\x0e\xe0)\x16' 
[2021-04-27 17:43:21.165006]	Получено число: 371843086 
[2021-04-27 17:43:21.382005]	Получены данные b'\x0b\xf0)\x16' 
[2021-04-27 17:43:21.383004]	Получено число: 371847179 
[2021-04-27 17:43:21.601005]	Получены данные b'\x0c\xf0)\x16' 
[2021-04-27 17:43:21.601005]	Получено число: 371847180 
[2021-04-27 17:43:21.821004]	Получены данные b'\n\xf0)\x16' 
[2021-04-27 17:43:21.822006]	Получено число: 371847178 
[2021-04-27 17:43:22.036005]	Получены данные b'\r\xf0)\x16' 
[2021-04-27 17:43:22.037005]	Получено число: 371847181 
[2021-04-27 17:43:22.275012]	Получены данные b'\t\xf0)\x16' 
[2021-04-27 17:43:22.276005]	Получено число: 371847177 
[2021-04-27 17:43:22.488005]	Получены данные b'\x0e\xf0)\x16' 
[2021-04-27 17:43:22.489006]	Получено число: 371847182 
[2021-04-27 17:43:22.715006]	Получены данные b'\x0b\xf8)\x16' 
[2021-04-27 17:43:22.715006]	Получено число: 371849227 
[2021-04-27 17:43:22.927005]	Получены данные b'\x0c\xf8)\x16' 
[2021-04-27 17:43:22.927005]	Получено число: 371849228 
[2021-04-27 17:43:23.157010]	Получены данные b'\n\xf8)\x16' 
[2021-04-27 17:43:23.157010]	Получено число: 371849226 
[2021-04-27 17:43:23.373005]	Получены данные b'\r\xf8)\x16' 
[2021-04-27 17:43:23.373005]	Получено число: 371849229 
[2021-04-27 17:43:23.593005]	Получены данные b'\t\xf8)\x16' 
[2021-04-27 17:43:23.593005]	Получено число: 371849225 
[2021-04-27 17:43:23.829004]	Получены данные b'\x0e\xf8)\x16' 
[2021-04-27 17:43:23.829004]	Получено число: 371849230 
[2021-04-27 17:43:24.079004]	Получены данные b'\x08\xf8)\x16' 
[2021-04-27 17:43:24.080006]	Получено число: 371849224 
[2021-04-27 17:43:24.349005]	Получены данные b'\x0f\xf8)\x16' 
[2021-04-27 17:43:24.349005]	Получено число: 371849231 
[2021-04-27 17:43:24.583006]	Получены данные b'\x07\xf8)\x16' 
[2021-04-27 17:43:24.583006]	Получено число: 371849223 
[2021-04-27 17:43:24.899005]	Получены данные b'\x10\xf8)\x16' 
[2021-04-27 17:43:24.899005]	Получено число: 371849232 
[2021-04-27 17:43:25.236005]	Получены данные b'\x06\xf8)\x16' 
[2021-04-27 17:43:25.236005]	Получено число: 371849222 
[2021-04-27 17:43:25.446005]	Получены данные b'\x11\xf8)\x16' 
[2021-04-27 17:43:25.447005]	Получено число: 371849233 
[2021-04-27 17:43:25.778005]	Получены данные b'\x05\xf8)\x16' 
[2021-04-27 17:43:25.779005]	Получено число: 371849221 
[2021-04-27 17:43:25.999005]	Получены данные b'\x12\xf8)\x16' 
[2021-04-27 17:43:25.999005]	Получено число: 371849234 
[2021-04-27 17:43:26.224005]	Получены данные b'\x04\xf8)\x16' 
[2021-04-27 17:43:26.224005]	Получено число: 371849220 
[2021-04-27 17:43:26.444006]	Получены данные b'\x13\xf8)\x16' 
[2021-04-27 17:43:26.444006]	Получено число: 371849235 
[2021-04-27 17:43:26.663006]	Получены данные b'\x03\xf8)\x16' 
[2021-04-27 17:43:26.663006]	Получено число: 371849219 
[2021-04-27 17:43:26.877005]	Получены данные b'\x14\xf8)\x16' 
[2021-04-27 17:43:26.877005]	Получено число: 371849236 
[2021-04-27 17:43:27.092076]	Получены данные b'\x02\xf8)\x16' 
[2021-04-27 17:43:27.093007]	Получено число: 371849218 
[2021-04-27 17:43:27.317006]	Получены данные b'\x0e\xfc)\x16' 
[2021-04-27 17:43:27.317006]	Получено число: 371850254 
[2021-04-27 17:43:27.535006]	Получены данные b'\x0f\xfc)\x16' 
[2021-04-27 17:43:27.535006]	Получено число: 371850255 
[2021-04-27 17:43:27.777004]	Получены данные b'\x11\xfa)\x16' 
[2021-04-27 17:43:27.777004]	Получено число: 371849745 
[2021-04-27 17:43:27.995004]	Получены данные b'\x12\xfa)\x16' 
[2021-04-27 17:43:27.995004]	Получено число: 371849746 
[2021-04-27 17:43:28.207005]	Получены данные b'\x10\xfa)\x16' 
[2021-04-27 17:43:28.207005]	Получено число: 371849744 
[2021-04-27 17:43:28.425007]	Получены данные b'\x13\xfa)\x16' 
[2021-04-27 17:43:28.426005]	Получено число: 371849747 
[2021-04-27 17:43:28.642004]	Получены данные b'\x0f\xfa)\x16' 
[2021-04-27 17:43:28.643004]	Получено число: 371849743 
[2021-04-27 17:43:28.858007]	Получены данные b'\x14\xfa)\x16' 
[2021-04-27 17:43:28.859005]	Получено число: 371849748 
[2021-04-27 17:43:29.076005]	Получены данные b'\x0e\xfa)\x16' 
[2021-04-27 17:43:29.077005]	Получено число: 371849742 
[2021-04-27 17:43:29.433023]	Получены данные b'\x15\xfa)\x16' 
[2021-04-27 17:43:29.433023]	Получено число: 371849749 
[2021-04-27 17:43:29.651006]	Получены данные b'\r\xfa)\x16' 
[2021-04-27 17:43:29.651006]	Получено число: 371849741 
[2021-04-27 17:43:29.864010]	Получены данные b'\x16\xfa)\x16' 
[2021-04-27 17:43:29.865061]	Получено число: 371849750 
[2021-04-27 17:43:30.095005]	Получены данные b'\x10\xf9)\x16' 
[2021-04-27 17:43:30.095005]	Получено число: 371849488 
[2021-04-27 17:43:30.315005]	Получены данные b'\x11\xf9)\x16' 
[2021-04-27 17:43:30.315005]	Получено число: 371849489 
[2021-04-27 17:43:30.532008]	Получены данные b'\x8f\xf9)\x16' 
[2021-04-27 17:43:30.533058]	Получено число: 371849615 
[2021-04-27 17:43:30.743005]	Получены данные b'\x90\xf9)\x16' 
[2021-04-27 17:43:30.743005]	Получено число: 371849616 
[2021-04-27 17:43:30.953006]	Получены данные b'\x8e\xf9)\x16' 
[2021-04-27 17:43:30.953006]	Получено число: 371849614 
[2021-04-27 17:43:31.176009]	Получены данные b'\x91\xf9)\x16' 
[2021-04-27 17:43:31.176009]	Получено число: 371849617 
[2021-04-27 17:43:31.392004]	Получены данные b'\x8d\xf9)\x16' 
[2021-04-27 17:43:31.393006]	Получено число: 371849613 
[2021-04-27 17:43:31.613005]	Получены данные b'\x92\xf9)\x16' 
[2021-04-27 17:43:31.613005]	Получено число: 371849618 
[2021-04-27 17:43:31.845004]	Получены данные b'\x8c\xf9)\x16' 
[2021-04-27 17:43:31.846005]	Получено число: 371849612 
[2021-04-27 17:43:32.063005]	Получены данные b'\x93\xf9)\x16' 
[2021-04-27 17:43:32.064006]	Получено число: 371849619 
[2021-04-27 17:43:32.276011]	Получены данные b'N\xf9)\x16' 
[2021-04-27 17:43:32.277006]	Получено число: 371849550 
[2021-04-27 17:43:32.491006]	Получены данные b'/\xf9)\x16' 
[2021-04-27 17:43:32.491006]	Получено число: 371849519 
[2021-04-27 17:43:32.699004]	Получены данные b'0\xf9)\x16' 
[2021-04-27 17:43:32.700005]	Получено число: 371849520 
[2021-04-27 17:43:32.909005]	Получены данные b'.\xf9)\x16' 
[2021-04-27 17:43:32.909005]	Получено число: 371849518 
[2021-04-27 17:43:33.123005]	Получены данные b'1\xf9)\x16' 
[2021-04-27 17:43:33.123005]	Получено число: 371849521 
[2021-04-27 17:43:33.339004]	Получены данные b'\x1f\xf9)\x16' 
[2021-04-27 17:43:33.339004]	Получено число: 371849503 
[2021-04-27 17:43:33.559007]	Получены данные b' \xf9)\x16' 
[2021-04-27 17:43:33.560006]	Получено число: 371849504 
[2021-04-27 17:43:33.782006]	Получены данные b'\x1e\xf9)\x16' 
[2021-04-27 17:43:33.783005]	Получено число: 371849502 
[2021-04-27 17:43:33.999006]	Получены данные b'!\xf9)\x16' 
[2021-04-27 17:43:33.999006]	Получено число: 371849505 
[2021-04-27 17:43:34.216005]	Получены данные b'\x1d\xf9)\x16' 
[2021-04-27 17:43:34.217004]	Получено число: 371849501 
[2021-04-27 17:43:34.435004]	Получены данные b'"\xf9)\x16' 
[2021-04-27 17:43:34.435004]	Получено число: 371849506 
[2021-04-27 17:43:34.711023]	Получены данные b'\x1c\xf9)\x16' 
[2021-04-27 17:43:34.711023]	Получено число: 371849500 
[2021-04-27 17:43:34.933004]	Получены данные b'(\xf9)\x16' 
[2021-04-27 17:43:34.934005]	Получено число: 371849512 
[2021-04-27 17:43:35.150011]	Получены данные b')\xf9)\x16' 
[2021-04-27 17:43:35.151006]	Получено число: 371849513 
[2021-04-27 17:43:35.376076]	Получены данные b"'\xf9)\x16" 
[2021-04-27 17:43:35.377007]	Получено число: 371849511 
[2021-04-27 17:43:35.593005]	Получены данные b'*\xf9)\x16' 
[2021-04-27 17:43:35.593005]	Получено число: 371849514 
[2021-04-27 17:43:35.803006]	Получены данные b'&\xf9)\x16' 
[2021-04-27 17:43:35.803006]	Получено число: 371849510 
[2021-04-27 17:43:36.020004]	Получены данные b'+\xf9)\x16' 
[2021-04-27 17:43:36.021005]	Получено число: 371849515 
[2021-04-27 17:43:36.246005]	Получены данные b'%\xf9)\x16' 
[2021-04-27 17:43:36.247005]	Получено число: 371849509 
[2021-04-27 17:43:36.247005]	Смерть 
[2021-04-27 18:14:17.240977]	Запуск потока: Защитник 
[2021-04-27 18:14:17.273978]	Загадано число: 904271170 
[2021-04-27 18:17:36.579510]	Запуск потока: Защитник 
[2021-04-27 18:17:36.704511]	Загадано число: 1609867267 
[2021-04-27 18:17:38.215512]	Принято подключение: ('25.60.110.173', 58874) 
[2021-04-27 18:17:38.416538]	Получены данные b'\x00\x00\x00@' 
[2021-04-27 18:17:38.418572]	Получено число: 1073741824 
[2021-04-27 18:17:38.663537]	Получены данные b'\xff\xff\xff?' 
[2021-04-27 18:17:38.663537]	Получено число: 1073741823 
[2021-04-27 18:17:38.891615]	Получены данные b'\x01\x00\x00@' 
[2021-04-27 18:17:38.892564]	Получено число: 1073741825 
[2021-04-27 18:17:39.118562]	Получены данные b'\xfe\xff\xff?' 
[2021-04-27 18:17:39.119576]	Получено число: 1073741822 
[2021-04-27 18:17:39.341537]	Получены данные b'\x00\x00\x00`' 
[2021-04-27 18:17:39.342576]	Получено число: 1610612736 
[2021-04-27 18:17:39.573543]	Получены данные b'\x01\x00\x00`' 
[2021-04-27 18:17:39.574539]	Получено число: 1610612737 
[2021-04-27 18:17:39.798538]	Получены данные b'\xff\xff\xff_' 
[2021-04-27 18:17:39.799538]	Получено число: 1610612735 
[2021-04-27 18:17:40.034538]	Получены данные b'\x02\x00\x00`' 
[2021-04-27 18:17:40.035538]	Получено число: 1610612738 
[2021-04-27 18:17:40.266538]	Получены данные b'\xfe\xff\xff_' 
[2021-04-27 18:17:40.267539]	Получено число: 1610612734 
[2021-04-27 18:17:40.490538]	Получены данные b'\x03\x00\x00`' 
[2021-04-27 18:17:40.491538]	Получено число: 1610612739 
[2021-04-27 18:17:40.718537]	Получены данные b'\xfd\xff\xff_' 
[2021-04-27 18:17:40.719538]	Получено число: 1610612733 
[2021-04-27 18:17:40.959564]	Получены данные b'\x04\x00\x00`' 
[2021-04-27 18:17:40.960564]	Получено число: 1610612740 
[2021-04-27 18:17:41.186543]	Получены данные b'\xfc\xff\xff_' 
[2021-04-27 18:17:41.186543]	Получено число: 1610612732 
[2021-04-27 18:17:41.414537]	Получены данные b'\x05\x00\x00`' 
[2021-04-27 18:17:41.415541]	Получено число: 1610612741 
[2021-04-27 18:17:41.628537]	Получены данные b'\xfb\xff\xff_' 
[2021-04-27 18:17:41.628537]	Получено число: 1610612731 
[2021-04-27 18:17:41.842538]	Получены данные b'\x06\x00\x00`' 
[2021-04-27 18:17:41.842538]	Получено число: 1610612742 
[2021-04-27 18:17:42.062538]	Получены данные b'\xfa\xff\xff_' 
[2021-04-27 18:17:42.063538]	Получено число: 1610612730 
[2021-04-27 18:17:42.293538]	Получены данные b'\xfd\xff\xffO' 
[2021-04-27 18:17:42.294538]	Получено число: 1342177277 
[2021-04-27 18:17:42.514537]	Получены данные b'\xfe\xff\xffO' 
[2021-04-27 18:17:42.515537]	Получено число: 1342177278 
[2021-04-27 18:17:42.742538]	Получены данные b'\xfc\xff\xffO' 
[2021-04-27 18:17:42.743538]	Получено число: 1342177276 
[2021-04-27 18:17:42.961563]	Получены данные b'\xff\xff\xffO' 
[2021-04-27 18:17:42.962571]	Получено число: 1342177279 
[2021-04-27 18:17:43.176537]	Получены данные b'\xfb\xff\xffO' 
[2021-04-27 18:17:43.176537]	Получено число: 1342177275 
[2021-04-27 18:17:43.593536]	Получены данные b'\x00\x00\x00P' 
[2021-04-27 18:17:43.594538]	Получено число: 1342177280 
[2021-04-27 18:17:44.056538]	Получены данные b'\xfa\xff\xffO' 
[2021-04-27 18:17:44.056538]	Получено число: 1342177274 
[2021-04-27 18:17:44.545537]	Получены данные b'\xfd\xff\xffW' 
[2021-04-27 18:17:44.545537]	Получено число: 1476395005 
[2021-04-27 18:17:44.930539]	Получены данные b'\xfe\xff\xffW' 
[2021-04-27 18:17:44.930539]	Получено число: 1476395006 
[2021-04-27 18:17:45.145537]	Получены данные b'\xfc\xff\xffW' 
[2021-04-27 18:17:45.145537]	Получено число: 1476395004 
[2021-04-27 18:17:45.367537]	Получены данные b'\xff\xff\xffW' 
[2021-04-27 18:17:45.367537]	Получено число: 1476395007 
[2021-04-27 18:17:45.621539]	Получены данные b'\xfc\xff\xff[' 
[2021-04-27 18:17:45.622538]	Получено число: 1543503868 
[2021-04-27 18:17:45.847537]	Получены данные b'\xfd\xff\xff[' 
[2021-04-27 18:17:45.847537]	Получено число: 1543503869 
[2021-04-27 18:17:46.060538]	Получены данные b'\xfb\xff\xff]' 
[2021-04-27 18:17:46.064538]	Получено число: 1577058299 
[2021-04-27 18:17:46.289543]	Получены данные b'\xfc\xff\xff]' 
[2021-04-27 18:17:46.290538]	Получено число: 1577058300 
[2021-04-27 18:17:46.502538]	Получены данные b'\xfa\xff\xff]' 
[2021-04-27 18:17:46.502538]	Получено число: 1577058298 
[2021-04-27 18:17:46.739539]	Получены данные b'\xfb\xff\xff^' 
[2021-04-27 18:17:46.739539]	Получено число: 1593835515 
[2021-04-27 18:17:46.953538]	Получены данные b'\xfc\xff\xff^' 
[2021-04-27 18:17:46.953538]	Получено число: 1593835516 
[2021-04-27 18:17:47.167539]	Получены данные b'\xfa\xff\xff^' 
[2021-04-27 18:17:47.168538]	Получено число: 1593835514 
[2021-04-27 18:17:47.385537]	Получены данные b'\xfd\xff\xff^' 
[2021-04-27 18:17:47.385537]	Получено число: 1593835517 
[2021-04-27 18:17:47.600560]	Получены данные b'\xf9\xff\xff^' 
[2021-04-27 18:17:47.601575]	Получено число: 1593835513 
[2021-04-27 18:17:47.817537]	Получены данные b'\xfe\xff\xff^' 
[2021-04-27 18:17:47.818538]	Получено число: 1593835518 
[2021-04-27 18:17:48.037547]	Получены данные b'\xf8\xff\xff^' 
[2021-04-27 18:17:48.038598]	Получено число: 1593835512 
[2021-04-27 18:17:48.271538]	Получены данные b'\xff\xff\xff^' 
[2021-04-27 18:17:48.272538]	Получено число: 1593835519 
[2021-04-27 18:17:48.489586]	Получены данные b'\xfc\xff\x7f_' 
[2021-04-27 18:17:48.490538]	Получено число: 1602224124 
[2021-04-27 18:17:48.714538]	Получены данные b'\xfd\xff\x7f_' 
[2021-04-27 18:17:48.715539]	Получено число: 1602224125 
[2021-04-27 18:17:48.950539]	Получены данные b'\xfb\xff\x7f_' 
[2021-04-27 18:17:48.951539]	Получено число: 1602224123 
[2021-04-27 18:17:49.176655]	Получены данные b'\xfe\xff\x7f_' 
[2021-04-27 18:17:49.177564]	Получено число: 1602224126 
[2021-04-27 18:17:49.401586]	Получены данные b'\xfa\xff\x7f_' 
[2021-04-27 18:17:49.402539]	Получено число: 1602224122 
[2021-04-27 18:17:49.618537]	Получены данные b'\xff\xff\x7f_' 
[2021-04-27 18:17:49.618537]	Получено число: 1602224127 
[2021-04-27 18:17:49.850589]	Получены данные b'\xf9\xff\x7f_' 
[2021-04-27 18:17:49.851539]	Получено число: 1602224121 
[2021-04-27 18:17:50.065539]	Получены данные b'\xfc\xff\xbf_' 
[2021-04-27 18:17:50.066537]	Получено число: 1606418428 
[2021-04-27 18:17:50.288543]	Получены данные b'\xfd\xff\xbf_' 
[2021-04-27 18:17:50.289539]	Получено число: 1606418429 
[2021-04-27 18:17:50.523539]	Получены данные b'\xfb\xff\xbf_' 
[2021-04-27 18:17:50.524538]	Получено число: 1606418427 
[2021-04-27 18:17:50.748538]	Получены данные b'\xfe\xff\xbf_' 
[2021-04-27 18:17:50.748538]	Получено число: 1606418430 
[2021-04-27 18:17:50.978537]	Получены данные b'\xfa\xff\xbf_' 
[2021-04-27 18:17:50.979538]	Получено число: 1606418426 
[2021-04-27 18:17:51.190578]	Получены данные b'\xff\xff\xbf_' 
[2021-04-27 18:17:51.191538]	Получено число: 1606418431 
[2021-04-27 18:17:51.414537]	Получены данные b'\xf9\xff\xbf_' 
[2021-04-27 18:17:51.414537]	Получено число: 1606418425 
[2021-04-27 18:17:51.628538]	Получены данные b'\x00\x00\xc0_' 
[2021-04-27 18:17:51.629539]	Получено число: 1606418432 
[2021-04-27 18:17:51.852538]	Получены данные b'\xf8\xff\xbf_' 
[2021-04-27 18:17:51.852538]	Получено число: 1606418424 
[2021-04-27 18:17:52.074538]	Получены данные b'\x01\x00\xc0_' 
[2021-04-27 18:17:52.074538]	Получено число: 1606418433 
[2021-04-27 18:17:52.297538]	Получены данные b'\xfd\xff\xdf_' 
[2021-04-27 18:17:52.297538]	Получено число: 1608515581 
[2021-04-27 18:17:52.519537]	Получены данные b'\xfe\xff\xdf_' 
[2021-04-27 18:17:52.520538]	Получено число: 1608515582 
[2021-04-27 18:17:52.733537]	Получены данные b'\xfc\xff\xdf_' 
[2021-04-27 18:17:52.734537]	Получено число: 1608515580 
[2021-04-27 18:17:52.981543]	Получены данные b'\xfc\xff\xef_' 
[2021-04-27 18:17:52.984540]	Получено число: 1609564156 
[2021-04-27 18:17:53.202560]	Получены данные b'\xfb\xff\xf7_' 
[2021-04-27 18:17:53.202560]	Получено число: 1610088443 
[2021-04-27 18:17:53.430538]	Получены данные b'\xfc\xff\xf7_' 
[2021-04-27 18:17:53.430538]	Получено число: 1610088444 
[2021-04-27 18:17:53.655537]	Получены данные b'\xfa\xff\xf7_' 
[2021-04-27 18:17:53.655537]	Получено число: 1610088442 
[2021-04-27 18:17:53.876538]	Получены данные b'\xfd\xff\xf7_' 
[2021-04-27 18:17:53.877596]	Получено число: 1610088445 
[2021-04-27 18:17:54.096543]	Получены данные b'\xfb\xff\xf3_' 
[2021-04-27 18:17:54.097537]	Получено число: 1609826299 
[2021-04-27 18:17:54.309557]	Получены данные b'\xfc\xff\xf3_' 
[2021-04-27 18:17:54.309557]	Получено число: 1609826300 
[2021-04-27 18:17:54.533537]	Получены данные b'\xfa\xff\xf3_' 
[2021-04-27 18:17:54.534539]	Получено число: 1609826298 
[2021-04-27 18:17:54.784538]	Получены данные b'\xfd\xff\xf3_' 
[2021-04-27 18:17:54.784538]	Получено число: 1609826301 
[2021-04-27 18:17:55.007564]	Получены данные b'\xf9\xff\xf3_' 
[2021-04-27 18:17:55.007564]	Получено число: 1609826297 
[2021-04-27 18:17:55.246537]	Получены данные b'\xfe\xff\xf3_' 
[2021-04-27 18:17:55.247538]	Получено число: 1609826302 
[2021-04-27 18:17:55.472537]	Получены данные b'\xfc\xff\xf5_' 
[2021-04-27 18:17:55.473537]	Получено число: 1609957372 
[2021-04-27 18:17:55.709538]	Получены данные b'\xfd\xff\xf4_' 
[2021-04-27 18:17:55.709538]	Получено число: 1609891837 
[2021-04-27 18:17:55.930543]	Получены данные b'\xfe\xff\xf4_' 
[2021-04-27 18:17:55.931538]	Получено число: 1609891838 
[2021-04-27 18:17:56.157537]	Получены данные b'\xfc\xff\xf4_' 
[2021-04-27 18:17:56.158538]	Получено число: 1609891836 
[2021-04-27 18:17:56.377537]	Получены данные b'\xff\xff\xf4_' 
[2021-04-27 18:17:56.378538]	Получено число: 1609891839 
[2021-04-27 18:17:56.611537]	Получены данные b'\xfd\x7f\xf4_' 
[2021-04-27 18:17:56.612538]	Получено число: 1609859069 
[2021-04-27 18:17:56.837537]	Получены данные b'\xfe\x7f\xf4_' 
[2021-04-27 18:17:56.838537]	Получено число: 1609859070 
[2021-04-27 18:17:57.054537]	Получены данные b'\xfc\x7f\xf4_' 
[2021-04-27 18:17:57.055537]	Получено число: 1609859068 
[2021-04-27 18:17:57.280537]	Получены данные b'\xff\x7f\xf4_' 
[2021-04-27 18:17:57.280537]	Получено число: 1609859071 
[2021-04-27 18:17:57.512538]	Получены данные b'\xfd\xbf\xf4_' 
[2021-04-27 18:17:57.513537]	Получено число: 1609875453 
[2021-04-27 18:17:57.727585]	Получены данные b'\xfe\x9f\xf4_' 
[2021-04-27 18:17:57.729600]	Получено число: 1609867262 
[2021-04-27 18:17:57.946537]	Получены данные b'\xfd\xaf\xf4_' 
[2021-04-27 18:17:57.946537]	Получено число: 1609871357 
[2021-04-27 18:17:58.160538]	Получены данные b'\xfe\xaf\xf4_' 
[2021-04-27 18:17:58.161539]	Получено число: 1609871358 
[2021-04-27 18:17:58.378537]	Получены данные b'\xfd\xa7\xf4_' 
[2021-04-27 18:17:58.379559]	Получено число: 1609869309 
[2021-04-27 18:17:58.600538]	Получены данные b'\xfe\xa7\xf4_' 
[2021-04-27 18:17:58.601539]	Получено число: 1609869310 
[2021-04-27 18:17:58.821540]	Получены данные b'\xfc\xa7\xf4_' 
[2021-04-27 18:17:58.822538]	Получено число: 1609869308 
[2021-04-27 18:17:59.040538]	Получены данные b'\xff\xa7\xf4_' 
[2021-04-27 18:17:59.040538]	Получено число: 1609869311 
[2021-04-27 18:17:59.277538]	Получены данные b'\xfb\xa7\xf4_' 
[2021-04-27 18:17:59.278597]	Получено число: 1609869307 
[2021-04-27 18:17:59.496538]	Получены данные b'\x00\xa8\xf4_' 
[2021-04-27 18:17:59.496538]	Получено число: 1609869312 
[2021-04-27 18:17:59.715539]	Получены данные b'\xfa\xa7\xf4_' 
[2021-04-27 18:17:59.718539]	Получено число: 1609869306 
[2021-04-27 18:17:59.945538]	Получены данные b'\x01\xa8\xf4_' 
[2021-04-27 18:17:59.945538]	Получено число: 1609869313 
[2021-04-27 18:18:00.179537]	Получены данные b'\xf9\xa7\xf4_' 
[2021-04-27 18:18:00.179537]	Получено число: 1609869305 
[2021-04-27 18:18:00.414543]	Получены данные b'\x02\xa8\xf4_' 
[2021-04-27 18:18:00.415538]	Получено число: 1609869314 
[2021-04-27 18:18:00.642537]	Получены данные b'\xf8\xa7\xf4_' 
[2021-04-27 18:18:00.643538]	Получено число: 1609869304 
[2021-04-27 18:18:21.673538]	[WinError 10054] Удаленный хост принудительно разорвал существующее подключение 
[2021-04-27 18:18:21.674537]	Разрыв соединения 
