[2021-04-18 18:56:27.496951]	Запуск потока: Атакующий 
[2021-04-18 18:56:27.730968]	Попытка атаковать: 25.60.110.173 
[2021-04-18 18:56:28.778118]	Начало атаки: 25.60.110.173 
[2021-04-18 18:56:28.779086]	Отправка числа: 1073741824 
[2021-04-18 18:56:29.819624]	Получен ответ: b'N' 
[2021-04-18 18:56:29.820625]	Отправка числа: 1073741824 
[2021-04-18 18:56:30.858623]	Получен ответ: b'L' 
[2021-04-18 18:56:30.859624]	Отправка числа: 536870912 
[2021-04-18 18:56:31.883635]	Получен ответ: b'N' 
[2021-04-18 18:56:31.884625]	Отправка числа: 536870912 
[2021-04-18 18:56:32.919623]	Получен ответ: b'N' 
[2021-04-18 18:56:32.922624]	Отправка числа: 536870914 
[2021-04-18 19:01:46.677313]	Запуск потока: Атакующий 
[2021-04-18 19:01:47.114296]	Попытка атаковать: 25.60.110.173 
[2021-04-18 19:01:47.174528]	Начало атаки: 25.60.110.173 
[2021-04-18 19:01:47.175581]	Отправка числа: 1073741824 
[2021-04-18 19:01:48.200302]	Получен ответ: b'N' 
[2021-04-18 19:01:48.201302]	Отправка числа: 1073741824 
[2021-04-18 19:01:49.226544]	Получен ответ: b'N' 
[2021-04-18 19:01:49.227548]	Отправка числа: 1073741826 
[2021-04-18 19:01:50.255159]	Получен ответ: b'N' 
[2021-04-18 19:01:50.256156]	Отправка числа: 1073741822 
[2021-04-18 19:01:51.308721]	Получен ответ: b'N' 
[2021-04-18 19:01:51.308721]	Отправка числа: 1073741828 
[2021-04-18 19:01:52.342922]	Получен ответ: b'N' 
[2021-04-18 19:01:52.343922]	Отправка числа: 1073741820 
[2021-04-18 19:01:53.362612]	Получен ответ: b'L' 
[2021-04-18 19:01:53.363613]	Отправка числа: 536870910 
[2021-04-18 19:01:54.452154]	Получен ответ: b'N' 
[2021-04-18 19:01:54.455172]	Отправка числа: 536870910 
[2021-04-18 19:01:55.473749]	Получен ответ: b'N' 
[2021-04-18 19:01:55.474791]	Отправка числа: 536870912 
[2021-04-18 19:01:56.506335]	Получен ответ: b'N' 
[2021-04-18 19:01:56.507024]	Отправка числа: 536870908 
[2021-04-18 19:01:57.546175]	Получен ответ: b'N' 
[2021-04-18 19:01:57.547175]	Отправка числа: 536870914 
[2021-04-18 19:01:58.586018]	Получен ответ: b'N' 
[2021-04-18 19:01:58.587019]	Отправка числа: 536870906 
[2021-04-18 19:01:59.618628]	Получен ответ: b'N' 
[2021-04-18 19:01:59.620610]	Отправка числа: 536870916 
[2021-04-18 19:02:00.656156]	Получен ответ: b'N' 
[2021-04-18 19:02:00.657156]	Отправка числа: 536870904 
[2021-04-18 19:02:01.703734]	Получен ответ: b'N' 
[2021-04-18 19:02:01.703734]	Отправка числа: 536870918 
[2021-04-18 19:02:02.754348]	Получен ответ: b'N' 
[2021-04-18 19:02:02.755347]	Отправка числа: 536870902 
[2021-04-18 19:02:03.792019]	Получен ответ: b'N' 
[2021-04-18 19:02:03.793025]	Отправка числа: 536870920 
[2021-04-18 19:02:04.824533]	Получен ответ: b'N' 
[2021-04-18 19:02:04.825533]	Отправка числа: 536870900 
[2021-04-18 19:02:05.846188]	Получен ответ: b'N' 
[2021-04-18 19:02:05.847188]	Отправка числа: 536870922 
[2021-04-18 19:02:06.891220]	Получен ответ: b'N' 
[2021-04-18 19:02:06.892220]	Отправка числа: 536870898 
[2021-04-18 19:02:07.940249]	Получен ответ: b'N' 
[2021-04-18 19:02:07.940249]	Отправка числа: 536870924 
[2021-04-18 19:02:08.963276]	Получен ответ: b'L' 
[2021-04-18 19:02:08.963276]	Отправка числа: 268435448 
[2021-04-18 19:02:09.995306]	Получен ответ: b'L' 
[2021-04-18 19:02:09.995306]	Отправка числа: 134217724 
[2021-04-18 19:02:11.025534]	Получен ответ: b'N' 
[2021-04-18 19:02:11.025929]	Отправка числа: 134217724 
[2021-04-18 19:02:12.057654]	Получен ответ: b'N' 
[2021-04-18 19:02:12.058653]	Отправка числа: 134217726 
[2021-04-18 19:02:13.092800]	Получен ответ: b'N' 
[2021-04-18 19:02:13.094801]	Отправка числа: 134217722 
[2021-04-18 19:02:14.135316]	Получен ответ: b'N' 
[2021-04-18 19:02:14.135316]	Отправка числа: 134217728 
[2021-04-18 19:02:15.189926]	Получен ответ: b'N' 
[2021-04-18 19:02:15.190917]	Отправка числа: 134217720 
[2021-04-18 19:02:16.218571]	Получен ответ: b'N' 
[2021-04-18 19:02:16.219571]	Отправка числа: 134217730 
[2021-04-18 19:02:17.245571]	Получен ответ: b'N' 
[2021-04-18 19:02:17.246571]	Отправка числа: 134217718 
[2021-04-18 19:02:18.272571]	Получен ответ: b'N' 
[2021-04-18 19:02:18.273658]	Отправка числа: 134217732 
[2021-04-18 19:02:19.297571]	Получен ответ: b'N' 
[2021-04-18 19:02:19.298572]	Отправка числа: 134217716 
[2021-04-18 19:02:20.327571]	Получен ответ: b'L' 
[2021-04-18 19:02:20.328571]	Отправка числа: 67108858 
[2021-04-18 19:02:21.378571]	Получен ответ: b'L' 
[2021-04-18 19:02:21.379571]	Отправка числа: 33554429 
[2021-04-18 19:02:22.409580]	Получен ответ: b'N' 
[2021-04-18 19:02:22.409580]	Отправка числа: 33554429 
[2021-04-18 19:02:23.436571]	Получен ответ: b'N' 
[2021-04-18 19:02:23.437571]	Отправка числа: 33554427 
[2021-04-18 19:02:24.490085]	Получен ответ: b'N' 
[2021-04-18 19:02:24.490085]	Отправка числа: 33554431 
[2021-04-18 19:02:25.520093]	Получен ответ: b'N' 
[2021-04-18 19:02:25.521123]	Отправка числа: 33554425 
[2021-04-18 19:02:26.545086]	Получен ответ: b'L' 
[2021-04-18 19:02:26.546086]	Отправка числа: 16777212 
[2021-04-18 19:02:27.574116]	Получен ответ: b'N' 
[2021-04-18 19:02:27.575085]	Отправка числа: 16777212 
[2021-04-18 19:02:28.612087]	Получен ответ: b'N' 
[2021-04-18 19:02:28.613087]	Отправка числа: 16777214 
[2021-04-18 19:02:29.647086]	Получен ответ: b'N' 
[2021-04-18 19:02:29.648085]	Отправка числа: 16777210 
[2021-04-18 19:02:30.686086]	Получен ответ: b'N' 
[2021-04-18 19:02:30.686086]	Отправка числа: 16777216 
[2021-04-18 19:02:31.729086]	Получен ответ: b'N' 
[2021-04-18 19:02:31.730086]	Отправка числа: 16777208 
[2021-04-18 19:02:32.754085]	Получен ответ: b'L' 
[2021-04-18 19:02:32.755086]	Отправка числа: 8388604 
[2021-04-18 19:02:33.781136]	Получен ответ: b'N' 
[2021-04-18 19:02:33.783086]	Отправка числа: 8388604 
[2021-04-18 19:02:34.806086]	Получен ответ: b'N' 
[2021-04-18 19:02:34.807087]	Отправка числа: 8388606 
[2021-04-18 19:02:35.831085]	Получен ответ: b'N' 
[2021-04-18 19:02:35.832086]	Отправка числа: 8388602 
[2021-04-18 19:02:36.868086]	Получен ответ: b'L' 
[2021-04-18 19:02:36.869086]	Отправка числа: 4194301 
[2021-04-18 19:02:37.893086]	Получен ответ: b'L' 
[2021-04-18 19:02:37.894086]	Отправка числа: 2097151 
[2021-04-18 19:02:38.921085]	Получен ответ: b'N' 
[2021-04-18 19:02:38.922086]	Отправка числа: 2097151 
[2021-04-18 19:02:39.970110]	Получен ответ: b'N' 
[2021-04-18 19:02:39.971086]	Отправка числа: 2097149 
[2021-04-18 19:02:40.997086]	Получен ответ: b'N' 
[2021-04-18 19:02:40.998086]	Отправка числа: 2097153 
[2021-04-18 19:02:42.025086]	Получен ответ: b'N' 
[2021-04-18 19:02:42.026086]	Отправка числа: 2097147 
[2021-04-18 19:02:43.062087]	Получен ответ: b'N' 
[2021-04-18 19:02:43.062087]	Отправка числа: 2097155 
[2021-04-18 19:02:44.111086]	Получен ответ: b'N' 
[2021-04-18 19:02:44.112086]	Отправка числа: 2097145 
[2021-04-18 19:02:45.145085]	Получен ответ: b'N' 
[2021-04-18 19:02:45.146087]	Отправка числа: 2097157 
[2021-04-18 19:02:46.182086]	Получен ответ: b'N' 
[2021-04-18 19:02:46.183087]	Отправка числа: 2097143 
[2021-04-18 19:02:47.218103]	Получен ответ: b'N' 
[2021-04-18 19:02:47.218103]	Отправка числа: 2097159 
[2021-04-18 19:02:48.256086]	Получен ответ: b'N' 
[2021-04-18 19:02:48.258086]	Отправка числа: 2097141 
[2021-04-18 19:02:49.302086]	Получен ответ: b'N' 
[2021-04-18 19:02:49.302086]	Отправка числа: 2097161 
[2021-04-18 19:02:50.325085]	Получен ответ: b'N' 
[2021-04-18 19:02:50.326086]	Отправка числа: 2097139 
[2021-04-18 19:02:51.356086]	Получен ответ: b'N' 
[2021-04-18 19:02:51.357206]	Отправка числа: 2097163 
[2021-04-18 19:02:52.387097]	Получен ответ: b'N' 
[2021-04-18 19:02:52.388098]	Отправка числа: 2097137 
[2021-04-18 19:02:53.435114]	Получен ответ: b'L' 
[2021-04-18 19:02:53.436088]	Отправка числа: 1048568 
[2021-04-18 19:02:54.603086]	Получен ответ: b'L' 
[2021-04-18 19:02:54.604111]	Отправка числа: 524284 
[2021-04-18 19:02:55.641087]	Получен ответ: b'N' 
[2021-04-18 19:02:55.641087]	Отправка числа: 524284 
[2021-04-18 19:02:56.686085]	Получен ответ: b'L' 
[2021-04-18 19:02:56.686085]	Отправка числа: 262141 
[2021-04-18 19:02:57.712196]	Получен ответ: b'N' 
[2021-04-18 19:02:57.713196]	Отправка числа: 262141 
[2021-04-18 19:02:58.755086]	Получен ответ: b'N' 
[2021-04-18 19:02:58.756087]	Отправка числа: 262139 
[2021-04-18 19:02:59.782086]	Получен ответ: b'N' 
[2021-04-18 19:02:59.783086]	Отправка числа: 262143 
[2021-04-18 19:03:00.826085]	Получен ответ: b'N' 
[2021-04-18 19:03:00.827086]	Отправка числа: 262137 
[2021-04-18 19:03:01.872086]	Получен ответ: b'N' 
[2021-04-18 19:03:01.872086]	Отправка числа: 262145 
[2021-04-18 19:03:02.917085]	Получен ответ: b'L' 
[2021-04-18 19:03:02.918114]	Отправка числа: 131068 
[2021-04-18 19:03:03.962086]	Получен ответ: b'N' 
[2021-04-18 19:03:03.962086]	Отправка числа: 131068 
[2021-04-18 19:03:04.997085]	Получен ответ: b'N' 
[2021-04-18 19:03:04.998087]	Отправка числа: 131066 
[2021-04-18 19:03:06.015085]	Получен ответ: b'N' 
[2021-04-18 19:03:06.016085]	Отправка числа: 131070 
[2021-04-18 19:03:07.042086]	Получен ответ: b'N' 
[2021-04-18 19:03:07.043087]	Отправка числа: 131064 
[2021-04-18 19:03:08.077085]	Получен ответ: b'N' 
[2021-04-18 19:03:08.078085]	Отправка числа: 131072 
[2021-04-18 19:03:09.103086]	Получен ответ: b'N' 
[2021-04-18 19:03:09.104086]	Отправка числа: 131062 
[2021-04-18 19:03:10.136085]	Получен ответ: b'L' 
[2021-04-18 19:03:10.137086]	Отправка числа: 65531 
[2021-04-18 19:03:11.162085]	Получен ответ: b'N' 
[2021-04-18 19:03:11.163086]	Отправка числа: 65531 
[2021-04-18 19:03:12.213086]	Получен ответ: b'N' 
[2021-04-18 19:03:12.214086]	Отправка числа: 65533 
[2021-04-18 19:03:13.233086]	Получен ответ: b'N' 
[2021-04-18 19:03:13.235086]	Отправка числа: 65529 
[2021-04-18 19:03:14.279085]	Получен ответ: b'N' 
[2021-04-18 19:03:14.280086]	Отправка числа: 65535 
[2021-04-18 19:03:15.321087]	Получен ответ: b'N' 
[2021-04-18 19:03:15.322086]	Отправка числа: 65527 
[2021-04-18 19:03:16.346086]	Получен ответ: b'N' 
[2021-04-18 19:03:16.347086]	Отправка числа: 65537 
[2021-04-18 19:03:17.372086]	Получен ответ: b'N' 
[2021-04-18 19:03:17.374087]	Отправка числа: 65525 
[2021-04-18 19:03:18.408092]	Получен ответ: b'N' 
[2021-04-18 19:03:18.409088]	Отправка числа: 65539 
[2021-04-18 19:03:19.439087]	Получен ответ: b'N' 
[2021-04-18 19:03:19.439087]	Отправка числа: 65523 
[2021-04-18 19:03:20.478087]	Получен ответ: b'N' 
[2021-04-18 19:03:20.479086]	Отправка числа: 65541 
[2021-04-18 19:03:21.500085]	Получен ответ: b'N' 
[2021-04-18 19:03:21.501086]	Отправка числа: 65521 
[2021-04-18 19:03:22.533087]	Получен ответ: b'N' 
[2021-04-18 19:03:22.533087]	Отправка числа: 65543 
[2021-04-18 19:03:23.556085]	Получен ответ: b'N' 
[2021-04-18 19:03:23.558087]	Отправка числа: 65519 
[2021-04-18 19:03:24.750086]	Получен ответ: b'N' 
[2021-04-18 19:03:24.750086]	Отправка числа: 65545 
[2021-04-18 19:03:25.778086]	Получен ответ: b'N' 
[2021-04-18 19:03:25.779087]	Отправка числа: 65517 
[2021-04-18 19:03:26.819089]	Получен ответ: b'N' 
[2021-04-18 19:03:26.820089]	Отправка числа: 65547 
[2021-04-18 19:03:27.856086]	Получен ответ: b'N' 
[2021-04-18 19:03:27.858086]	Отправка числа: 65515 
[2021-04-18 19:03:28.901086]	Получен ответ: b'N' 
[2021-04-18 19:03:28.902086]	Отправка числа: 65549 
[2021-04-18 19:03:29.944188]	Получен ответ: b'N' 
[2021-04-18 19:03:29.945185]	Отправка числа: 65513 
[2021-04-18 19:03:30.974086]	Получен ответ: b'N' 
[2021-04-18 19:03:30.975086]	Отправка числа: 65551 
[2021-04-18 19:03:32.004131]	Получен ответ: b'N' 
[2021-04-18 19:03:32.004131]	Отправка числа: 65511 
[2021-04-18 19:03:33.022087]	Получен ответ: b'N' 
[2021-04-18 19:03:33.023098]	Отправка числа: 65553 
[2021-04-18 19:03:34.050085]	Получен ответ: b'N' 
[2021-04-18 19:03:34.051086]	Отправка числа: 65509 
[2021-04-18 19:03:35.085086]	Получен ответ: b'L' 
[2021-04-18 19:03:35.086087]	Отправка числа: 32754 
[2021-04-18 19:03:36.130085]	Получен ответ: b'N' 
[2021-04-18 19:03:36.131086]	Отправка числа: 32754 
[2021-04-18 19:03:37.166087]	Получен ответ: b'L' 
[2021-04-18 19:03:37.167086]	Отправка числа: 16377 
[2021-04-18 19:03:38.194119]	Получен ответ: b'N' 
[2021-04-18 19:03:38.195086]	Отправка числа: 16377 
[2021-04-18 19:03:39.225138]	Получен ответ: b'N' 
[2021-04-18 19:03:39.226140]	Отправка числа: 16379 
[2021-04-18 19:03:40.280087]	Получен ответ: b'N' 
[2021-04-18 19:03:40.281086]	Отправка числа: 16375 
[2021-04-18 19:03:41.299086]	Получен ответ: b'N' 
[2021-04-18 19:03:41.300087]	Отправка числа: 16381 
[2021-04-18 19:03:42.327085]	Получен ответ: b'N' 
[2021-04-18 19:03:42.328086]	Отправка числа: 16373 
[2021-04-18 19:03:43.364110]	Получен ответ: b'N' 
[2021-04-18 19:03:43.364110]	Отправка числа: 16383 
[2021-04-18 19:03:44.385122]	Получен ответ: b'N' 
[2021-04-18 19:03:44.386127]	Отправка числа: 16371 
[2021-04-18 19:03:45.413086]	Получен ответ: b'N' 
[2021-04-18 19:03:45.413086]	Отправка числа: 16385 
[2021-04-18 19:03:46.468086]	Получен ответ: b'N' 
[2021-04-18 19:03:46.469086]	Отправка числа: 16369 
[2021-04-18 19:03:47.487086]	Получен ответ: b'N' 
[2021-04-18 19:03:47.488155]	Отправка числа: 16387 
[2021-04-18 19:03:48.526102]	Получен ответ: b'N' 
[2021-04-18 19:03:48.527086]	Отправка числа: 16367 
[2021-04-18 19:03:49.554086]	Получен ответ: b'N' 
[2021-04-18 19:03:49.555086]	Отправка числа: 16389 
[2021-04-18 19:03:50.605167]	Получен ответ: b'L' 
[2021-04-18 19:03:50.606168]	Отправка числа: 8183 
[2021-04-18 19:03:51.666086]	Получен ответ: b'N' 
[2021-04-18 19:03:51.667086]	Отправка числа: 8183 
[2021-04-18 19:03:52.703085]	Получен ответ: b'N' 
[2021-04-18 19:03:52.704096]	Отправка числа: 8181 
[2021-04-18 19:03:53.739086]	Получен ответ: b'R' 
[2021-04-18 19:03:53.740086]	Отправка числа: 12275 
[2021-04-18 19:03:54.913087]	Получен ответ: b'N' 
[2021-04-18 19:03:54.914131]	Отправка числа: 12275 
[2021-04-18 19:03:55.948086]	Получен ответ: b'N' 
[2021-04-18 19:03:55.949086]	Отправка числа: 12277 
[2021-04-18 19:03:56.977087]	Получен ответ: b'N' 
[2021-04-18 19:03:56.978086]	Отправка числа: 12273 
[2021-04-18 19:03:58.007086]	Получен ответ: b'N' 
[2021-04-18 19:03:58.008086]	Отправка числа: 12279 
[2021-04-18 19:03:59.045086]	Получен ответ: b'N' 
[2021-04-18 19:03:59.045086]	Отправка числа: 12271 
[2021-04-18 19:04:00.083087]	Получен ответ: b'N' 
[2021-04-18 19:04:00.083087]	Отправка числа: 12281 
[2021-04-18 19:04:01.113086]	Получен ответ: b'N' 
[2021-04-18 19:04:01.114087]	Отправка числа: 12269 
[2021-04-18 19:04:02.142085]	Получен ответ: b'R' 
[2021-04-18 19:04:02.144086]	Отправка числа: 14324 
[2021-04-18 19:04:03.165110]	Получен ответ: b'N' 
[2021-04-18 19:04:03.166111]	Отправка числа: 14324 
[2021-04-18 19:04:04.200085]	Получен ответ: b'N' 
[2021-04-18 19:04:04.200085]	Отправка числа: 14326 
[2021-04-18 19:04:05.226086]	Получен ответ: b'N' 
[2021-04-18 19:04:05.228086]	Отправка числа: 14322 
[2021-04-18 19:21:53.285977]	Запуск потока: Атакующий 
[2021-04-18 19:21:53.966086]	Попытка атаковать: 25.60.110.173 
[2021-04-18 19:21:53.990698]	Начало атаки: 25.60.110.173 
[2021-04-18 19:21:53.992603]	Отправка числа: 1073741824 
[2021-04-18 19:21:55.035665]	Получен ответ: b'N' 
[2021-04-18 19:21:55.036706]	Отправка числа: 1073741824 
[2021-04-18 19:21:56.069666]	Получен ответ: b'L' 
[2021-04-18 19:21:56.070665]	Отправка числа: 536870912 
[2021-04-18 19:21:57.105665]	Получен ответ: b'N' 
[2021-04-18 19:21:57.106666]	Отправка числа: 536870912 
[2021-04-18 19:21:58.151665]	Получен ответ: b'N' 
[2021-04-18 19:21:58.152665]	Отправка числа: 536870914 
[2021-04-18 19:21:59.187666]	Получен ответ: b'R' 
[2021-04-18 19:21:59.188665]	Отправка числа: 805306369 
[2021-04-18 19:22:00.219666]	Получен ответ: b'N' 
[2021-04-18 19:22:00.219666]	Отправка числа: 805306369 
[2021-04-18 19:22:01.241665]	Получен ответ: b'N' 
[2021-04-18 19:22:01.242666]	Отправка числа: 805306367 
[2021-04-18 19:22:02.306699]	Получен ответ: b'N' 
[2021-04-18 19:22:02.307699]	Отправка числа: 805306371 
[2021-04-18 19:22:03.343665]	Получен ответ: b'N' 
[2021-04-18 19:22:03.344695]	Отправка числа: 805306365 
[2021-04-18 19:22:04.402665]	Получен ответ: b'N' 
[2021-04-18 19:22:04.403666]	Отправка числа: 805306373 
[2021-04-18 19:22:05.486785]	Получен ответ: b'N' 
[2021-04-18 19:22:05.487712]	Отправка числа: 805306363 
[2021-04-18 19:22:06.523686]	Получен ответ: b'N' 
[2021-04-18 19:22:06.524666]	Отправка числа: 805306375 
[2021-04-18 19:22:07.566699]	Получен ответ: b'N' 
[2021-04-18 19:22:07.567669]	Отправка числа: 805306361 
[2021-04-18 19:22:08.627903]	Получен ответ: b'N' 
[2021-04-18 19:22:08.628904]	Отправка числа: 805306377 
[2021-04-18 19:22:09.673420]	Получен ответ: b'N' 
[2021-04-18 19:22:09.674421]	Отправка числа: 805306359 
[2021-04-18 19:22:10.739586]	Получен ответ: b'L' 
[2021-04-18 19:22:10.740532]	Отправка числа: 671088637 
[2021-04-18 19:22:11.785620]	Получен ответ: b'R' 
[2021-04-18 19:22:11.786524]	Отправка числа: 738197498 
[2021-04-18 19:22:12.824524]	Получен ответ: b'N' 
[2021-04-18 19:22:12.824524]	Отправка числа: 738197498 
[2021-04-18 19:22:13.856524]	Получен ответ: b'R' 
[2021-04-18 19:22:13.856524]	Отправка числа: 771751929 
[2021-04-18 19:22:14.898524]	Получен ответ: b'L' 
[2021-04-18 19:22:14.898524]	Отправка числа: 754974714 
[2021-04-18 19:22:15.934524]	Получен ответ: b'N' 
[2021-04-18 19:22:15.935592]	Отправка числа: 754974714 
[2021-04-18 19:22:16.970523]	Получен ответ: b'N' 
[2021-04-18 19:22:16.971524]	Отправка числа: 754974716 
[2021-04-18 19:22:18.013554]	Получен ответ: b'R' 
[2021-04-18 19:22:18.014601]	Отправка числа: 763363323 
[2021-04-18 19:22:19.035524]	Получен ответ: b'N' 
[2021-04-18 19:22:19.036525]	Отправка числа: 763363323 
[2021-04-18 19:22:20.060524]	Получен ответ: b'N' 
[2021-04-18 19:22:20.062524]	Отправка числа: 763363321 
[2021-04-18 19:22:21.087524]	Получен ответ: b'N' 
[2021-04-18 19:22:21.088530]	Отправка числа: 763363325 
[2021-04-18 19:22:22.392523]	Получен ответ: b'L' 
[2021-04-18 19:22:22.393524]	Отправка числа: 759169018 
[2021-04-18 19:22:23.426527]	Получен ответ: b'L' 
[2021-04-18 19:22:23.427527]	Отправка числа: 757071867 
[2021-04-18 19:22:24.579524]	Получен ответ: b'N' 
[2021-04-18 19:22:24.580524]	Отправка числа: 757071867 
[2021-04-18 19:22:25.608536]	Получен ответ: b'N' 
[2021-04-18 19:22:25.609524]	Отправка числа: 757071869 
[2021-04-18 19:22:26.641523]	Получен ответ: b'N' 
[2021-04-18 19:22:26.642524]	Отправка числа: 757071865 
[2021-04-18 19:22:27.679554]	Получен ответ: b'N' 
[2021-04-18 19:22:27.680524]	Отправка числа: 757071871 
[2021-04-18 19:22:28.719625]	Получен ответ: b'N' 
[2021-04-18 19:22:28.720524]	Отправка числа: 757071863 
[2021-04-18 19:22:29.752564]	Получен ответ: b'N' 
[2021-04-18 19:22:29.753524]	Отправка числа: 757071873 
[2021-04-18 19:22:30.876524]	Получен ответ: b'N' 
[2021-04-18 19:22:30.877523]	Отправка числа: 757071861 
[2021-04-18 19:22:31.915540]	Получен ответ: b'N' 
[2021-04-18 19:22:31.916524]	Отправка числа: 757071875 
[2021-04-18 19:22:32.943524]	Получен ответ: b'N' 
[2021-04-18 19:22:32.944524]	Отправка числа: 757071859 
[2021-04-18 19:22:34.105525]	Получен ответ: b'N' 
[2021-04-18 19:22:34.105525]	Отправка числа: 757071877 
[2021-04-18 19:22:35.138581]	Получен ответ: b'N' 
[2021-04-18 19:22:35.139524]	Отправка числа: 757071857 
[2021-04-18 19:22:36.194523]	Получен ответ: b'N' 
[2021-04-18 19:22:36.195548]	Отправка числа: 757071879 
[2021-04-18 19:22:37.244534]	Получен ответ: b'N' 
[2021-04-18 19:22:37.245535]	Отправка числа: 757071855 
[2021-04-18 19:22:38.272524]	Получен ответ: b'N' 
[2021-04-18 19:22:38.273567]	Отправка числа: 757071881 
[2021-04-18 19:22:39.307552]	Получен ответ: b'N' 
[2021-04-18 19:22:39.308524]	Отправка числа: 757071853 
[2021-04-18 19:22:40.352542]	Получен ответ: b'N' 
[2021-04-18 19:22:40.353584]	Отправка числа: 757071883 
[2021-04-18 19:22:41.378538]	Получен ответ: b'N' 
[2021-04-18 19:22:41.379543]	Отправка числа: 757071851 
[2021-04-18 19:22:42.554525]	Получен ответ: b'N' 
[2021-04-18 19:22:42.555524]	Отправка числа: 757071885 
[2021-04-18 19:22:43.591524]	Получен ответ: b'N' 
[2021-04-18 19:22:43.592524]	Отправка числа: 757071849 
[2021-04-18 19:22:44.727524]	Получен ответ: b'R' 
[2021-04-18 19:22:44.728606]	Отправка числа: 758120452 
[2021-04-18 19:22:45.754523]	Получен ответ: b'L' 
[2021-04-18 19:22:45.755525]	Отправка числа: 757596170 
[2021-04-18 19:22:46.796526]	Получен ответ: b'L' 
[2021-04-18 19:22:46.797525]	Отправка числа: 757334028 
[2021-04-18 19:22:47.824525]	Получен ответ: b'N' 
[2021-04-18 19:22:47.824525]	Отправка числа: 757334028 
[2021-04-18 19:22:49.006524]	Получен ответ: b'N' 
[2021-04-18 19:22:49.007525]	Отправка числа: 757334030 
[2021-04-18 19:22:50.037597]	Получен ответ: b'N' 
[2021-04-18 19:22:50.038525]	Отправка числа: 757334026 
[2021-04-18 19:22:51.074524]	Получен ответ: b'N' 
[2021-04-18 19:22:51.074524]	Отправка числа: 757334032 
[2021-04-18 19:22:52.099524]	Получен ответ: b'N' 
[2021-04-18 19:22:52.100524]	Отправка числа: 757334024 
[2021-04-18 19:22:53.135540]	Получен ответ: b'N' 
[2021-04-18 19:22:53.136524]	Отправка числа: 757334034 
[2021-04-18 19:22:54.184585]	Получен ответ: b'L' 
[2021-04-18 19:22:54.185585]	Отправка числа: 757202955 
[2021-04-18 19:22:55.216265]	Получен ответ: b'L' 
[2021-04-18 19:22:55.216265]	Отправка числа: 757137421 
[2021-04-18 19:22:56.240381]	Получен ответ: b'L' 
[2021-04-18 19:22:56.241380]	Отправка числа: 757104654 
[2021-04-18 19:22:57.271419]	Получен ответ: b'N' 
[2021-04-18 19:22:57.272421]	Отправка числа: 757104654 
[2021-04-18 19:22:58.301024]	Получен ответ: b'N' 
[2021-04-18 19:22:58.302024]	Отправка числа: 757104652 
[2021-04-18 19:22:59.335024]	Получен ответ: b'N' 
[2021-04-18 19:22:59.335756]	Отправка числа: 757104656 
[2021-04-18 19:23:00.377215]	Получен ответ: b'N' 
[2021-04-18 19:23:00.378216]	Отправка числа: 757104650 
[2021-04-18 19:23:01.410245]	Получен ответ: b'N' 
[2021-04-18 19:23:01.411246]	Отправка числа: 757104658 
[2021-04-18 19:23:02.441245]	Получен ответ: b'L' 
[2021-04-18 19:23:02.442246]	Отправка числа: 757088268 
[2021-04-18 19:23:03.591271]	Получен ответ: b'N' 
[2021-04-18 19:23:03.592273]	Отправка числа: 757088268 
[2021-04-18 19:23:04.633272]	Получен ответ: b'N' 
[2021-04-18 19:23:04.634272]	Отправка числа: 757088266 
[2021-04-18 19:23:05.656272]	Получен ответ: b'N' 
[2021-04-18 19:23:05.657272]	Отправка числа: 757088270 
[2021-04-18 19:23:06.710342]	Получен ответ: b'N' 
[2021-04-18 19:54:41.437673]	Запуск потока: Атакующий 
[2021-04-18 19:54:41.734674]	Попытка атаковать: 25.60.110.173 
[2021-04-18 19:54:42.770203]	Начало атаки: 25.60.110.173 
[2021-04-18 19:54:42.771189]	Отправка числа: 1073741824 
[2021-04-18 19:54:43.832703]	Получен ответ: b'N' 
[2021-04-18 19:54:43.833733]	Отправка числа: 1073741824 
[2021-04-18 19:54:44.864702]	Получен ответ: b'N' 
[2021-04-18 19:54:44.865703]	Отправка числа: 1073741826 
[2021-04-18 19:54:45.915703]	Получен ответ: b'N' 
[2021-04-18 19:54:45.916765]	Отправка числа: 1073741822 
[2021-04-18 19:54:46.958703]	Получен ответ: b'R' 
[2021-04-18 19:54:46.959702]	Отправка числа: 1610612738 
[2021-04-18 19:54:48.001703]	Получен ответ: b'N' 
[2021-04-18 19:54:48.002704]	Отправка числа: 1610612738 
[2021-04-18 19:54:49.040703]	Получен ответ: b'L' 
[2021-04-18 19:54:49.043702]	Отправка числа: 1342177283 
[2021-04-18 19:54:50.074704]	Получен ответ: b'N' 
[2021-04-18 19:54:50.075703]	Отправка числа: 1342177283 
[2021-04-18 19:54:51.200720]	Получен ответ: b'L' 
[2021-04-18 19:54:51.201703]	Отправка числа: 1207959555 
[2021-04-18 19:54:52.252703]	Получен ответ: b'N' 
[2021-04-18 19:54:52.253714]	Отправка числа: 1207959555 
[2021-04-18 19:54:53.291256]	Получен ответ: b'N' 
[2021-04-18 19:54:53.292511]	Отправка числа: 1207959557 
[2021-04-18 19:54:54.316257]	Получен ответ: b'L' 
[2021-04-18 19:54:54.317257]	Отправка числа: 1140850691 
[2021-04-18 19:54:55.334291]	Получен ответ: b'N' 
[2021-04-18 19:54:55.335292]	Отправка числа: 1140850691 
[2021-04-18 19:54:56.376375]	Получен ответ: b'R' 
[2021-04-18 19:54:56.377292]	Отправка числа: 1174405123 
[2021-04-18 19:54:57.411357]	Получен ответ: b'N' 
[2021-04-18 19:54:57.412291]	Отправка числа: 1174405123 
[2021-04-18 19:54:58.452291]	Получен ответ: b'N' 
[2021-04-18 19:54:58.453292]	Отправка числа: 1174405121 
[2021-04-18 19:54:59.480291]	Получен ответ: b'N' 
[2021-04-18 19:54:59.481292]	Отправка числа: 1174405125 
[2021-04-18 19:55:00.514290]	Получен ответ: b'N' 
[2021-04-18 19:55:00.515291]	Отправка числа: 1174405119 
[2021-04-18 19:55:01.535319]	Получен ответ: b'N' 
[2021-04-18 19:55:01.535319]	Отправка числа: 1174405127 
[2021-04-18 19:55:02.765301]	Получен ответ: b'N' 
[2021-04-18 19:55:02.766292]	Отправка числа: 1174405117 
[2021-04-18 19:55:03.792290]	Получен ответ: b'N' 
[2021-04-18 19:55:03.793291]	Отправка числа: 1174405129 
[2021-04-18 19:55:04.810291]	Получен ответ: b'N' 
[2021-04-18 19:55:04.810291]	Отправка числа: 1174405115 
[2021-04-18 19:55:05.879290]	Получен ответ: b'N' 
[2021-04-18 19:55:05.880291]	Отправка числа: 1174405131 
[2021-04-18 19:55:06.901291]	Получен ответ: b'R' 
[2021-04-18 19:55:06.901291]	Отправка числа: 1191182343 
[2021-04-18 19:55:07.933292]	Получен ответ: b'N' 
[2021-04-18 19:55:07.934291]	Отправка числа: 1191182343 
[2021-04-18 19:55:08.967291]	Получен ответ: b'N' 
[2021-04-18 19:55:08.968291]	Отправка числа: 1191182341 
[2021-04-18 19:55:09.994330]	Получен ответ: b'N' 
[2021-04-18 19:55:09.994330]	Отправка числа: 1191182345 
[2021-04-18 19:55:11.013290]	Получен ответ: b'L' 
[2021-04-18 19:55:11.014291]	Отправка числа: 1182793736 
[2021-04-18 19:55:12.047291]	Получен ответ: b'N' 
[2021-04-18 19:55:12.048291]	Отправка числа: 1182793736 
[2021-04-18 19:55:13.077348]	Получен ответ: b'N' 
[2021-04-18 19:55:13.078291]	Отправка числа: 1182793734 
[2021-04-18 19:55:14.106295]	Получен ответ: b'N' 
[2021-04-18 19:55:14.106295]	Отправка числа: 1182793738 
[2021-04-18 19:55:15.136326]	Получен ответ: b'N' 
[2021-04-18 19:55:15.137301]	Отправка числа: 1182793732 
[2021-04-18 19:55:16.164292]	Получен ответ: b'N' 
[2021-04-18 19:55:16.164292]	Отправка числа: 1182793740 
[2021-04-18 19:55:17.202290]	Получен ответ: b'N' 
[2021-04-18 19:55:17.203290]	Отправка числа: 1182793730 
[2021-04-18 19:55:18.228297]	Получен ответ: b'R' 
[2021-04-18 19:55:18.229291]	Отправка числа: 1186988041 
[2021-04-18 19:55:19.278309]	Получен ответ: b'N' 
[2021-04-18 19:55:19.279291]	Отправка числа: 1186988041 
[2021-04-18 19:55:20.306393]	Получен ответ: b'N' 
[2021-04-18 19:55:20.307395]	Отправка числа: 1186988043 
[2021-04-18 19:55:21.331291]	Получен ответ: b'N' 
[2021-04-18 19:55:21.331291]	Отправка числа: 1186988039 
[2021-04-18 19:55:22.373292]	Получен ответ: b'L' 
[2021-04-18 19:55:22.374291]	Отправка числа: 1184890890 
[2021-04-18 19:55:23.413292]	Получен ответ: b'N' 
[2021-04-18 19:55:23.414291]	Отправка числа: 1184890890 
[2021-04-18 19:55:24.462290]	Получен ответ: b'N' 
[2021-04-18 19:55:24.463292]	Отправка числа: 1184890892 
[2021-04-18 19:55:25.506393]	Получен ответ: b'N' 
[2021-04-18 19:55:25.506393]	Отправка числа: 1184890888 
[2021-04-18 19:55:26.532455]	Получен ответ: b'N' 
[2021-04-18 19:55:26.533626]	Отправка числа: 1184890894 
[2021-04-18 19:55:27.566456]	Получен ответ: b'N' 
[2021-04-18 19:55:27.567455]	Отправка числа: 1184890886 
[2021-04-18 19:55:28.661456]	Получен ответ: b'R' 
[2021-04-18 19:55:28.661456]	Отправка числа: 1185939467 
[2021-04-18 19:55:29.697456]	Получен ответ: b'N' 
[2021-04-18 19:55:29.697456]	Отправка числа: 1185939467 
[2021-04-18 19:55:30.723456]	Получен ответ: b'N' 
[2021-04-18 19:55:30.724456]	Отправка числа: 1185939469 
[2021-04-18 19:55:31.761457]	Получен ответ: b'N' 
[2021-04-18 19:55:31.762456]	Отправка числа: 1185939465 
[2021-04-18 19:55:32.786459]	Получен ответ: b'R' 
[2021-04-18 19:55:32.787456]	Отправка числа: 1186463755 
[2021-04-18 19:55:33.818456]	Получен ответ: b'R' 
[2021-04-18 19:55:33.819456]	Отправка числа: 1186725897 
[2021-04-18 19:55:34.861485]	Получен ответ: b'N' 
[2021-04-18 19:55:34.862456]	Отправка числа: 1186725897 
[2021-04-18 19:55:35.882456]	Получен ответ: b'L' 
[2021-04-18 19:55:35.883456]	Отправка числа: 1186594826 
[2021-04-18 19:55:36.923456]	Получен ответ: b'N' 
[2021-04-18 19:55:36.923456]	Отправка числа: 1186594826 
[2021-04-18 19:55:37.938456]	Получен ответ: b'R' 
[2021-04-18 19:55:37.939456]	Отправка числа: 1186660361 
[2021-04-18 19:55:38.974530]	Получен ответ: b'N' 
[2021-04-18 19:55:38.975458]	Отправка числа: 1186660361 
[2021-04-18 19:55:40.030474]	Получен ответ: b'N' 
[2021-04-18 19:55:40.031457]	Отправка числа: 1186660359 
[2021-04-18 19:55:41.066455]	Получен ответ: b'N' 
[2021-04-18 19:55:41.067456]	Отправка числа: 1186660363 
[2021-04-18 19:55:42.100456]	Получен ответ: b'N' 
[2021-04-18 19:55:42.101457]	Отправка числа: 1186660357 
[2021-04-18 19:55:43.128456]	Получен ответ: b'N' 
[2021-04-18 19:55:43.128456]	Отправка числа: 1186660365 
[2021-04-18 19:55:44.157456]	Получен ответ: b'N' 
[2021-04-18 19:55:44.158494]	Отправка числа: 1186660355 
[2021-04-18 19:55:45.187510]	Получен ответ: b'N' 
[2021-04-18 19:55:45.188456]	Отправка числа: 1186660367 
[2021-04-18 19:55:46.213570]	Получен ответ: b'N' 
[2021-04-18 19:55:46.214455]	Отправка числа: 1186660353 
[2021-04-18 19:55:47.244456]	Получен ответ: b'N' 
[2021-04-18 19:55:47.245456]	Отправка числа: 1186660369 
[2021-04-18 19:55:48.282455]	Получен ответ: b'R' 
[2021-04-18 19:55:48.283456]	Отправка числа: 1186693133 
[2021-04-18 19:55:49.321455]	Получен ответ: b'N' 
[2021-04-18 19:55:49.322455]	Отправка числа: 1186693133 
[2021-04-18 19:55:50.347456]	Получен ответ: b'N' 
[2021-04-18 19:55:50.347456]	Отправка числа: 1186693131 
[2021-04-18 19:55:51.371455]	Получен ответ: b'N' 
[2021-04-18 19:55:51.372464]	Отправка числа: 1186693135 
[2021-04-18 19:55:52.406456]	Получен ответ: b'N' 
[2021-04-18 19:55:52.407456]	Отправка числа: 1186693129 
[2021-04-18 19:55:53.472467]	Получен ответ: b'N' 
[2021-04-18 19:55:53.473468]	Отправка числа: 1186693137 
[2021-04-18 19:55:54.526455]	Получен ответ: b'L' 
[2021-04-18 19:55:54.527456]	Отправка числа: 1186676749 
[2021-04-18 19:55:55.564508]	Получен ответ: b'N' 
[2021-04-18 19:55:55.565456]	Отправка числа: 1186676749 
[2021-04-18 19:55:56.599456]	Получен ответ: b'N' 
[2021-04-18 19:55:56.600456]	Отправка числа: 1186676747 
[2021-04-18 19:55:57.634456]	Получен ответ: b'L' 
[2021-04-18 19:55:57.635456]	Отправка числа: 1186668558 
[2021-04-18 19:55:58.678456]	Получен ответ: b'N' 
[2021-04-18 19:55:58.679456]	Отправка числа: 1186668558 
[2021-04-18 19:55:59.732455]	Получен ответ: b'L' 
[2021-04-18 19:55:59.733457]	Отправка числа: 1186664464 
[2021-04-18 19:56:00.765456]	Получен ответ: b'N' 
[2021-04-18 19:56:00.766456]	Отправка числа: 1186664464 
[2021-04-18 19:56:01.801456]	Получен ответ: b'N' 
[2021-04-18 19:56:01.802456]	Отправка числа: 1186664466 
[2021-04-18 19:56:02.909456]	Получен ответ: b'N' 
[2021-04-18 19:56:02.910459]	Отправка числа: 1186664462 
[2021-04-18 19:56:03.938455]	Получен ответ: b'N' 
[2021-04-18 19:56:03.939456]	Отправка числа: 1186664468 
[2021-04-18 19:56:04.968455]	Получен ответ: b'N' 
[2021-04-18 19:56:04.969455]	Отправка числа: 1186664460 
[2021-04-18 19:56:06.001457]	Получен ответ: b'N' 
[2021-04-18 19:56:06.002456]	Отправка числа: 1186664470 
[2021-04-18 19:56:07.038456]	Получен ответ: b'N' 
[2021-04-18 19:56:07.038456]	Отправка числа: 1186664458 
[2021-04-18 19:56:08.093457]	Получен ответ: b'N' 
[2021-04-18 19:56:08.094456]	Отправка числа: 1186664472 
[2021-04-18 19:56:09.140457]	Получен ответ: b'N' 
[2021-04-18 19:56:09.140457]	Отправка числа: 1186664456 
[2021-04-18 19:56:10.165455]	Получен ответ: b'N' 
[2021-04-18 19:56:10.166457]	Отправка числа: 1186664474 
[2021-04-18 19:56:11.187456]	Получен ответ: b'N' 
[2021-04-18 19:56:11.188456]	Отправка числа: 1186664454 
[2021-04-18 19:56:12.207457]	Получен ответ: b'L' 
[2021-04-18 19:56:12.208456]	Отправка числа: 1186662412 
[2021-04-18 19:56:13.242455]	Получен ответ: b'N' 
[2021-04-18 19:56:13.243456]	Отправка числа: 1186662412 
[2021-04-18 19:56:14.276522]	Получен ответ: b'N' 
[2021-04-18 19:56:14.277557]	Отправка числа: 1186662414 
[2021-04-18 19:56:15.315456]	Получен ответ: b'N' 
[2021-04-18 19:56:15.315456]	Отправка числа: 1186662410 
[2021-04-18 19:56:16.363455]	Получен ответ: b'N' 
[2021-04-18 19:56:16.364456]	Отправка числа: 1186662416 
[2021-04-18 19:56:17.416456]	Получен ответ: b'N' 
[2021-04-18 19:56:17.417457]	Отправка числа: 1186662408 
[2021-04-18 19:56:18.466456]	Получен ответ: b'N' 
[2021-04-18 19:56:18.467456]	Отправка числа: 1186662418 
[2021-04-18 19:56:19.492456]	Получен ответ: b'N' 
[2021-04-18 19:56:19.492456]	Отправка числа: 1186662406 
[2021-04-18 19:56:20.523455]	Получен ответ: b'N' 
[2021-04-18 19:56:20.524456]	Отправка числа: 1186662420 
[2021-04-18 19:56:21.555457]	Получен ответ: b'N' 
[2021-04-18 19:56:21.556456]	Отправка числа: 1186662404 
[2021-04-18 19:56:22.586470]	Получен ответ: b'N' 
[2021-04-18 19:56:22.587456]	Отправка числа: 1186662422 
[2021-04-18 19:56:23.620455]	Получен ответ: b'N' 
[2021-04-18 19:56:23.621456]	Отправка числа: 1186662402 
[2021-04-18 19:56:24.647521]	Получен ответ: b'N' 
[2021-04-18 19:56:24.651497]	Отправка числа: 1186662424 
[2021-04-18 19:56:25.675567]	Получен ответ: b'N' 
[2021-04-18 19:56:25.676568]	Отправка числа: 1186662400 
[2021-04-18 19:56:26.698744]	Получен ответ: b'N' 
[2021-04-18 19:56:26.699744]	Отправка числа: 1186662426 
[2021-04-18 19:56:27.733905]	Получен ответ: b'L' 
[2021-04-18 19:56:27.734906]	Отправка числа: 1186661384 
[2021-04-18 19:56:28.755053]	Получен ответ: b'L' 
[2021-04-18 19:56:28.756062]	Отправка числа: 1186660877 
[2021-04-18 19:56:29.793994]	Получен ответ: b'N' 
[2021-04-18 19:56:29.795984]	Отправка числа: 1186660877 
[2021-04-18 19:56:30.819209]	Получен ответ: b'N' 
[2021-04-18 19:56:30.820210]	Отправка числа: 1186660879 
[2021-04-18 19:56:32.136249]	Получен ответ: b'N' 
[2021-04-18 19:56:32.137249]	Отправка числа: 1186660875 
[2021-04-18 19:56:33.186763]	Получен ответ: b'N' 
[2021-04-18 19:56:33.187763]	Отправка числа: 1186660881 
[2021-04-18 19:56:34.224863]	Получен ответ: b'N' 
[2021-04-18 19:56:34.225867]	Отправка числа: 1186660873 
[2021-04-18 19:56:35.266940]	Получен ответ: b'N' 
[2021-04-18 19:56:35.267933]	Отправка числа: 1186660883 
[2021-04-18 19:56:36.290965]	Получен ответ: b'N' 
[2021-04-18 19:56:36.291966]	Отправка числа: 1186660871 
[2021-04-18 19:56:37.329513]	Получен ответ: b'N' 
[2021-04-18 19:56:37.330516]	Отправка числа: 1186660885 
[2021-04-18 19:56:38.357141]	Получен ответ: b'N' 
[2021-04-18 19:56:38.358058]	Отправка числа: 1186660869 
[2021-04-18 19:56:39.384665]	Получен ответ: b'N' 
[2021-04-18 19:56:39.385664]	Отправка числа: 1186660887 
[2021-04-18 19:56:40.412763]	Получен ответ: b'N' 
[2021-04-18 19:56:40.413820]	Отправка числа: 1186660867 
[2021-04-18 19:56:41.450763]	Получен ответ: b'L' 
[2021-04-18 19:56:41.451763]	Отправка числа: 1186660618 
[2021-04-18 19:56:42.480793]	Получен ответ: b'N' 
[2021-04-18 19:56:42.482793]	Отправка числа: 1186660618 
[2021-04-18 19:56:43.506821]	Получен ответ: b'R' 
[2021-04-18 19:56:43.507821]	Отправка числа: 1186660743 
[2021-04-18 19:56:44.534821]	Получен ответ: b'L' 
[2021-04-18 19:56:44.534821]	Отправка числа: 1186660682 
[2021-04-18 19:56:45.567003]	Получен ответ: b'N' 
[2021-04-18 19:56:45.568089]	Отправка числа: 1186660682 
[2021-04-18 19:56:46.612032]	Получен ответ: b'N' 
[2021-04-18 19:56:46.614033]	Отправка числа: 1186660680 
[2021-04-18 19:56:47.644081]	Получен ответ: b'N' 
[2021-04-18 19:56:47.646067]	Отправка числа: 1186660684 
[2021-04-18 19:56:48.702066]	Получен ответ: b'N' 
[2021-04-18 19:56:48.703065]	Отправка числа: 1186660678 
[2021-04-18 19:56:49.838183]	Получен ответ: b'N' 
[2021-04-18 19:56:49.839183]	Отправка числа: 1186660686 
[2021-04-18 19:56:50.986317]	Получен ответ: b'L' 
[2021-04-18 19:56:50.988404]	Отправка числа: 1186660648 
[2021-04-18 19:56:52.010400]	Получен ответ: b'L' 
[2021-04-18 19:56:52.011400]	Отправка числа: 1186660634 
[2021-04-18 19:56:53.043497]	Получен ответ: b'N' 
[2021-04-18 19:56:53.043497]	Отправка числа: 1186660634 
[2021-04-18 19:56:54.068497]	Получен ответ: b'N' 
[2021-04-18 19:56:54.069498]	Отправка числа: 1186660636 
[2021-04-18 19:56:55.092011]	Получен ответ: b'N' 
[2021-04-18 19:56:55.093012]	Отправка числа: 1186660632 
[2021-04-18 19:56:56.135597]	Получен ответ: b'R' 
[2021-04-18 19:56:56.136564]	Отправка числа: 1186660643 
[2021-04-18 19:56:57.344120]	Получен ответ: b'D' 
[2021-04-18 19:56:58.174916]	Попытка атаковать: 25.60.110.173 
[2021-04-18 19:56:58.188917]	[WinError 10038] Сделана попытка выполнить операцию на объекте, не являющемся сокетом 
[2021-04-18 19:56:58.189916]	Разрыв соединения 
[2021-04-18 19:56:58.189916]	Попытка атаковать: 25.60.110.173 
[2021-04-18 19:56:58.208916]	Начало атаки: 25.60.110.173 
[2021-04-18 19:56:58.209916]	Отправка числа: 1186660643 
[2021-04-18 19:57:01.480509]	Разрыв соединения: превышено время ожидания 
[2021-04-18 19:57:01.481511]	Попытка атаковать: 25.60.110.173 
[2021-04-18 19:57:03.742557]	Разрыв соединения: превышено время ожидания 
[2021-04-18 19:57:03.743559]	Попытка атаковать: 25.60.110.173 
[2021-04-18 19:57:06.000734]	Разрыв соединения: превышено время ожидания 
[2021-04-18 19:57:06.002558]	Попытка атаковать: 25.60.110.173 
[2021-04-18 19:57:08.268111]	Разрыв соединения: превышено время ожидания 
[2021-04-18 19:57:08.269105]	Попытка атаковать: 25.60.110.173 
[2021-04-18 19:57:10.534106]	Разрыв соединения: превышено время ожидания 
[2021-04-18 19:57:10.535106]	Попытка атаковать: 25.60.110.173 
[2021-04-18 19:57:12.790106]	Разрыв соединения: превышено время ожидания 
[2021-04-18 19:57:12.791106]	Попытка атаковать: 25.60.110.173 
[2021-04-18 19:57:15.049994]	Разрыв соединения: превышено время ожидания 
[2021-04-18 19:57:15.051936]	Попытка атаковать: 25.60.110.173 
[2021-04-18 19:57:17.305801]	Разрыв соединения: превышено время ожидания 
[2021-04-18 19:57:17.307799]	Попытка атаковать: 25.60.110.173 
[2021-04-18 19:57:19.565799]	Разрыв соединения: превышено время ожидания 
[2021-04-18 19:57:19.566843]	Попытка атаковать: 25.60.110.173 
